2022-03-20 01:29:20,474 ERROR [org.springframework.kafka.KafkaListenerEndpointContainer#1-0-C-1] o.s.k.l.LoggingErrorHandler [LoggingErrorHandler.java:37] Error while processing: null
org.apache.kafka.common.protocol.types.SchemaException: Error reading field 'api_versions': Error reading array of size 1685979146, only 10 bytes available
	at org.apache.kafka.common.protocol.types.Schema.read(Schema.java:77)
	at org.apache.kafka.common.protocol.ApiKeys.parseResponse(ApiKeys.java:304)
	at org.apache.kafka.common.protocol.ApiKeys$1.parseResponse(ApiKeys.java:150)
	at org.apache.kafka.clients.NetworkClient.parseStructMaybeUpdateThrottleTimeMetrics(NetworkClient.java:637)
	at org.apache.kafka.clients.NetworkClient.handleCompletedReceives(NetworkClient.java:757)
	at org.apache.kafka.clients.NetworkClient.poll(NetworkClient.java:519)
	at org.apache.kafka.clients.consumer.internals.ConsumerNetworkClient.poll(ConsumerNetworkClient.java:271)
	at org.apache.kafka.clients.consumer.internals.ConsumerNetworkClient.poll(ConsumerNetworkClient.java:242)
	at org.apache.kafka.clients.consumer.internals.ConsumerNetworkClient.poll(ConsumerNetworkClient.java:233)
	at org.apache.kafka.clients.consumer.internals.ConsumerNetworkClient.awaitMetadataUpdate(ConsumerNetworkClient.java:161)
	at org.apache.kafka.clients.consumer.internals.AbstractCoordinator.ensureCoordinatorReady(AbstractCoordinator.java:243)
	at org.apache.kafka.clients.consumer.internals.ConsumerCoordinator.poll(ConsumerCoordinator.java:314)
	at org.apache.kafka.clients.consumer.KafkaConsumer.updateAssignmentMetadataIfNeeded(KafkaConsumer.java:1218)
	at org.apache.kafka.clients.consumer.KafkaConsumer.poll(KafkaConsumer.java:1175)
	at org.apache.kafka.clients.consumer.KafkaConsumer.poll(KafkaConsumer.java:1154)
	at org.springframework.kafka.listener.KafkaMessageListenerContainer$ListenerConsumer.pollAndInvoke(KafkaMessageListenerContainer.java:741)
	at org.springframework.kafka.listener.KafkaMessageListenerContainer$ListenerConsumer.run(KafkaMessageListenerContainer.java:698)
	at java.util.concurrent.Executors$RunnableAdapter.call(Executors.java:511)
	at java.util.concurrent.FutureTask.run(FutureTask.java:266)
	at java.lang.Thread.run(Thread.java:745)
2022-03-20 07:36:46,982 ERROR [org.springframework.kafka.KafkaListenerEndpointContainer#3-0-C-1] o.s.k.l.LoggingErrorHandler [LoggingErrorHandler.java:37] Error while processing: null
org.apache.kafka.common.protocol.types.SchemaException: Error reading field 'api_versions': Error reading array of size 1831206922, only 10 bytes available
	at org.apache.kafka.common.protocol.types.Schema.read(Schema.java:77)
	at org.apache.kafka.common.protocol.ApiKeys.parseResponse(ApiKeys.java:304)
	at org.apache.kafka.common.protocol.ApiKeys$1.parseResponse(ApiKeys.java:150)
	at org.apache.kafka.clients.NetworkClient.parseStructMaybeUpdateThrottleTimeMetrics(NetworkClient.java:637)
	at org.apache.kafka.clients.NetworkClient.handleCompletedReceives(NetworkClient.java:757)
	at org.apache.kafka.clients.NetworkClient.poll(NetworkClient.java:519)
	at org.apache.kafka.clients.consumer.internals.ConsumerNetworkClient.poll(ConsumerNetworkClient.java:271)
	at org.apache.kafka.clients.consumer.internals.ConsumerNetworkClient.poll(ConsumerNetworkClient.java:242)
	at org.apache.kafka.clients.consumer.internals.ConsumerNetworkClient.poll(ConsumerNetworkClient.java:233)
	at org.apache.kafka.clients.consumer.internals.ConsumerNetworkClient.awaitMetadataUpdate(ConsumerNetworkClient.java:161)
	at org.apache.kafka.clients.consumer.internals.AbstractCoordinator.ensureCoordinatorReady(AbstractCoordinator.java:243)
	at org.apache.kafka.clients.consumer.internals.ConsumerCoordinator.poll(ConsumerCoordinator.java:314)
	at org.apache.kafka.clients.consumer.KafkaConsumer.updateAssignmentMetadataIfNeeded(KafkaConsumer.java:1218)
	at org.apache.kafka.clients.consumer.KafkaConsumer.poll(KafkaConsumer.java:1175)
	at org.apache.kafka.clients.consumer.KafkaConsumer.poll(KafkaConsumer.java:1154)
	at org.springframework.kafka.listener.KafkaMessageListenerContainer$ListenerConsumer.pollAndInvoke(KafkaMessageListenerContainer.java:741)
	at org.springframework.kafka.listener.KafkaMessageListenerContainer$ListenerConsumer.run(KafkaMessageListenerContainer.java:698)
	at java.util.concurrent.Executors$RunnableAdapter.call(Executors.java:511)
	at java.util.concurrent.FutureTask.run(FutureTask.java:266)
	at java.lang.Thread.run(Thread.java:745)
2022-03-20 13:42:08,898 ERROR [org.springframework.kafka.KafkaListenerEndpointContainer#0-0-C-1] o.s.k.l.LoggingErrorHandler [LoggingErrorHandler.java:37] Error while processing: null
org.apache.kafka.common.protocol.types.SchemaException: Error reading field 'api_versions': Error reading array of size 1970798602, only 10 bytes available
	at org.apache.kafka.common.protocol.types.Schema.read(Schema.java:77)
	at org.apache.kafka.common.protocol.ApiKeys.parseResponse(ApiKeys.java:304)
	at org.apache.kafka.common.protocol.ApiKeys$1.parseResponse(ApiKeys.java:150)
	at org.apache.kafka.clients.NetworkClient.parseStructMaybeUpdateThrottleTimeMetrics(NetworkClient.java:637)
	at org.apache.kafka.clients.NetworkClient.handleCompletedReceives(NetworkClient.java:757)
	at org.apache.kafka.clients.NetworkClient.poll(NetworkClient.java:519)
	at org.apache.kafka.clients.consumer.internals.ConsumerNetworkClient.poll(ConsumerNetworkClient.java:271)
	at org.apache.kafka.clients.consumer.internals.ConsumerNetworkClient.poll(ConsumerNetworkClient.java:242)
	at org.apache.kafka.clients.consumer.internals.ConsumerNetworkClient.poll(ConsumerNetworkClient.java:233)
	at org.apache.kafka.clients.consumer.internals.ConsumerNetworkClient.awaitMetadataUpdate(ConsumerNetworkClient.java:161)
	at org.apache.kafka.clients.consumer.internals.AbstractCoordinator.ensureCoordinatorReady(AbstractCoordinator.java:243)
	at org.apache.kafka.clients.consumer.internals.ConsumerCoordinator.poll(ConsumerCoordinator.java:314)
	at org.apache.kafka.clients.consumer.KafkaConsumer.updateAssignmentMetadataIfNeeded(KafkaConsumer.java:1218)
	at org.apache.kafka.clients.consumer.KafkaConsumer.poll(KafkaConsumer.java:1175)
	at org.apache.kafka.clients.consumer.KafkaConsumer.poll(KafkaConsumer.java:1154)
	at org.springframework.kafka.listener.KafkaMessageListenerContainer$ListenerConsumer.pollAndInvoke(KafkaMessageListenerContainer.java:741)
	at org.springframework.kafka.listener.KafkaMessageListenerContainer$ListenerConsumer.run(KafkaMessageListenerContainer.java:698)
	at java.util.concurrent.Executors$RunnableAdapter.call(Executors.java:511)
	at java.util.concurrent.FutureTask.run(FutureTask.java:266)
	at java.lang.Thread.run(Thread.java:745)
2022-03-20 19:58:22,042 ERROR [org.springframework.kafka.KafkaListenerEndpointContainer#2-0-C-1] o.s.k.l.LoggingErrorHandler [LoggingErrorHandler.java:37] Error while processing: null
org.apache.kafka.common.protocol.types.SchemaException: Error reading field 'api_versions': Error reading array of size 2119368714, only 10 bytes available
	at org.apache.kafka.common.protocol.types.Schema.read(Schema.java:77)
	at org.apache.kafka.common.protocol.ApiKeys.parseResponse(ApiKeys.java:304)
	at org.apache.kafka.common.protocol.ApiKeys$1.parseResponse(ApiKeys.java:150)
	at org.apache.kafka.clients.NetworkClient.parseStructMaybeUpdateThrottleTimeMetrics(NetworkClient.java:637)
	at org.apache.kafka.clients.NetworkClient.handleCompletedReceives(NetworkClient.java:757)
	at org.apache.kafka.clients.NetworkClient.poll(NetworkClient.java:519)
	at org.apache.kafka.clients.consumer.internals.ConsumerNetworkClient.poll(ConsumerNetworkClient.java:271)
	at org.apache.kafka.clients.consumer.internals.ConsumerNetworkClient.poll(ConsumerNetworkClient.java:242)
	at org.apache.kafka.clients.consumer.internals.ConsumerNetworkClient.poll(ConsumerNetworkClient.java:233)
	at org.apache.kafka.clients.consumer.internals.ConsumerNetworkClient.awaitMetadataUpdate(ConsumerNetworkClient.java:161)
	at org.apache.kafka.clients.consumer.internals.AbstractCoordinator.ensureCoordinatorReady(AbstractCoordinator.java:243)
	at org.apache.kafka.clients.consumer.internals.ConsumerCoordinator.poll(ConsumerCoordinator.java:314)
	at org.apache.kafka.clients.consumer.KafkaConsumer.updateAssignmentMetadataIfNeeded(KafkaConsumer.java:1218)
	at org.apache.kafka.clients.consumer.KafkaConsumer.poll(KafkaConsumer.java:1175)
	at org.apache.kafka.clients.consumer.KafkaConsumer.poll(KafkaConsumer.java:1154)
	at org.springframework.kafka.listener.KafkaMessageListenerContainer$ListenerConsumer.pollAndInvoke(KafkaMessageListenerContainer.java:741)
	at org.springframework.kafka.listener.KafkaMessageListenerContainer$ListenerConsumer.run(KafkaMessageListenerContainer.java:698)
	at java.util.concurrent.Executors$RunnableAdapter.call(Executors.java:511)
	at java.util.concurrent.FutureTask.run(FutureTask.java:266)
	at java.lang.Thread.run(Thread.java:745)
2022-03-20 20:37:44,835 ERROR [restartedMain] o.s.d.e.r.s.AbstractElasticsearchRepository [AbstractElasticsearchRepository.java:91] failed to load elasticsearch nodes : org.elasticsearch.client.transport.NoNodeAvailableException: None of the configured nodes are available: [{#transport#-1}{VZT68isHRIeRcJwV1dJCCA}{127.0.0.1}{127.0.0.1:9300}]
2022-03-20 20:38:47,047 ERROR [restartedMain] o.s.b.SpringApplication [SpringApplication.java:858] Application run failed
org.springframework.context.ApplicationContextException: Failed to start bean 'org.springframework.kafka.config.internalKafkaListenerEndpointRegistry'; nested exception is org.apache.kafka.common.errors.TimeoutException: Timeout expired while fetching topic metadata
	at org.springframework.context.support.DefaultLifecycleProcessor.doStart(DefaultLifecycleProcessor.java:185)
	at org.springframework.context.support.DefaultLifecycleProcessor.access$200(DefaultLifecycleProcessor.java:53)
	at org.springframework.context.support.DefaultLifecycleProcessor$LifecycleGroup.start(DefaultLifecycleProcessor.java:360)
	at org.springframework.context.support.DefaultLifecycleProcessor.startBeans(DefaultLifecycleProcessor.java:158)
	at org.springframework.context.support.DefaultLifecycleProcessor.onRefresh(DefaultLifecycleProcessor.java:122)
	at org.springframework.context.support.AbstractApplicationContext.finishRefresh(AbstractApplicationContext.java:893)
	at org.springframework.boot.web.servlet.context.ServletWebServerApplicationContext.finishRefresh(ServletWebServerApplicationContext.java:163)
	at org.springframework.context.support.AbstractApplicationContext.refresh(AbstractApplicationContext.java:552)
	at org.springframework.boot.web.servlet.context.ServletWebServerApplicationContext.refresh(ServletWebServerApplicationContext.java:142)
	at org.springframework.boot.SpringApplication.refresh(SpringApplication.java:775)
	at org.springframework.boot.SpringApplication.refreshContext(SpringApplication.java:397)
	at org.springframework.boot.SpringApplication.run(SpringApplication.java:316)
	at org.springframework.boot.SpringApplication.run(SpringApplication.java:1260)
	at org.springframework.boot.SpringApplication.run(SpringApplication.java:1248)
	at com.nowcoder.community.CommunityApplication.main(CommunityApplication.java:18)
	at sun.reflect.NativeMethodAccessorImpl.invoke0(Native Method)
	at sun.reflect.NativeMethodAccessorImpl.invoke(NativeMethodAccessorImpl.java:62)
	at sun.reflect.DelegatingMethodAccessorImpl.invoke(DelegatingMethodAccessorImpl.java:43)
	at java.lang.reflect.Method.invoke(Method.java:498)
	at org.springframework.boot.devtools.restart.RestartLauncher.run(RestartLauncher.java:49)
Caused by: org.apache.kafka.common.errors.TimeoutException: Timeout expired while fetching topic metadata
2022-03-20 20:39:15,713 ERROR [restartedMain] o.s.d.e.r.s.AbstractElasticsearchRepository [AbstractElasticsearchRepository.java:91] failed to load elasticsearch nodes : org.elasticsearch.client.transport.NoNodeAvailableException: None of the configured nodes are available: [{#transport#-1}{IOMds2cqSWezq0lguy7w4Q}{127.0.0.1}{127.0.0.1:9300}]
2022-03-20 20:40:18,014 ERROR [restartedMain] o.s.b.SpringApplication [SpringApplication.java:858] Application run failed
org.springframework.context.ApplicationContextException: Failed to start bean 'org.springframework.kafka.config.internalKafkaListenerEndpointRegistry'; nested exception is org.apache.kafka.common.errors.TimeoutException: Timeout expired while fetching topic metadata
	at org.springframework.context.support.DefaultLifecycleProcessor.doStart(DefaultLifecycleProcessor.java:185)
	at org.springframework.context.support.DefaultLifecycleProcessor.access$200(DefaultLifecycleProcessor.java:53)
	at org.springframework.context.support.DefaultLifecycleProcessor$LifecycleGroup.start(DefaultLifecycleProcessor.java:360)
	at org.springframework.context.support.DefaultLifecycleProcessor.startBeans(DefaultLifecycleProcessor.java:158)
	at org.springframework.context.support.DefaultLifecycleProcessor.onRefresh(DefaultLifecycleProcessor.java:122)
	at org.springframework.context.support.AbstractApplicationContext.finishRefresh(AbstractApplicationContext.java:893)
	at org.springframework.boot.web.servlet.context.ServletWebServerApplicationContext.finishRefresh(ServletWebServerApplicationContext.java:163)
	at org.springframework.context.support.AbstractApplicationContext.refresh(AbstractApplicationContext.java:552)
	at org.springframework.boot.web.servlet.context.ServletWebServerApplicationContext.refresh(ServletWebServerApplicationContext.java:142)
	at org.springframework.boot.SpringApplication.refresh(SpringApplication.java:775)
	at org.springframework.boot.SpringApplication.refreshContext(SpringApplication.java:397)
	at org.springframework.boot.SpringApplication.run(SpringApplication.java:316)
	at org.springframework.boot.SpringApplication.run(SpringApplication.java:1260)
	at org.springframework.boot.SpringApplication.run(SpringApplication.java:1248)
	at com.nowcoder.community.CommunityApplication.main(CommunityApplication.java:18)
	at sun.reflect.NativeMethodAccessorImpl.invoke0(Native Method)
	at sun.reflect.NativeMethodAccessorImpl.invoke(NativeMethodAccessorImpl.java:62)
	at sun.reflect.DelegatingMethodAccessorImpl.invoke(DelegatingMethodAccessorImpl.java:43)
	at java.lang.reflect.Method.invoke(Method.java:498)
	at org.springframework.boot.devtools.restart.RestartLauncher.run(RestartLauncher.java:49)
Caused by: org.apache.kafka.common.errors.TimeoutException: Timeout expired while fetching topic metadata
