2022-03-12 10:22:52,109 WARN [restartedMain] o.a.k.c.NetworkClient [NetworkClient.java:671] [Consumer clientId=consumer-1, groupId=community-consumer-group] Connection to node -1 could not be established. Broker may not be available.
2022-03-12 10:22:53,220 WARN [restartedMain] o.a.k.c.NetworkClient [NetworkClient.java:671] [Consumer clientId=consumer-1, groupId=community-consumer-group] Connection to node -1 could not be established. Broker may not be available.
2022-03-12 10:22:54,473 WARN [restartedMain] o.a.k.c.NetworkClient [NetworkClient.java:671] [Consumer clientId=consumer-1, groupId=community-consumer-group] Connection to node -1 could not be established. Broker may not be available.
2022-03-12 10:22:55,676 WARN [restartedMain] o.a.k.c.NetworkClient [NetworkClient.java:671] [Consumer clientId=consumer-1, groupId=community-consumer-group] Connection to node -1 could not be established. Broker may not be available.
2022-03-12 10:22:57,182 WARN [restartedMain] o.a.k.c.NetworkClient [NetworkClient.java:671] [Consumer clientId=consumer-1, groupId=community-consumer-group] Connection to node -1 could not be established. Broker may not be available.
2022-03-12 10:22:58,988 WARN [restartedMain] o.a.k.c.NetworkClient [NetworkClient.java:671] [Consumer clientId=consumer-1, groupId=community-consumer-group] Connection to node -1 could not be established. Broker may not be available.
2022-03-12 10:23:00,895 WARN [restartedMain] o.a.k.c.NetworkClient [NetworkClient.java:671] [Consumer clientId=consumer-1, groupId=community-consumer-group] Connection to node -1 could not be established. Broker may not be available.
2022-03-12 10:23:03,018 WARN [restartedMain] o.a.k.c.NetworkClient [NetworkClient.java:671] [Consumer clientId=consumer-1, groupId=community-consumer-group] Connection to node -1 could not be established. Broker may not be available.
2022-03-12 10:23:05,262 WARN [restartedMain] o.a.k.c.NetworkClient [NetworkClient.java:671] [Consumer clientId=consumer-1, groupId=community-consumer-group] Connection to node -1 could not be established. Broker may not be available.
2022-03-12 10:23:07,400 WARN [restartedMain] o.a.k.c.NetworkClient [NetworkClient.java:671] [Consumer clientId=consumer-1, groupId=community-consumer-group] Connection to node -1 could not be established. Broker may not be available.
2022-03-12 10:23:09,476 WARN [restartedMain] o.a.k.c.NetworkClient [NetworkClient.java:671] [Consumer clientId=consumer-1, groupId=community-consumer-group] Connection to node -1 could not be established. Broker may not be available.
2022-03-12 10:23:11,678 WARN [restartedMain] o.a.k.c.NetworkClient [NetworkClient.java:671] [Consumer clientId=consumer-1, groupId=community-consumer-group] Connection to node -1 could not be established. Broker may not be available.
2022-03-12 10:23:13,745 WARN [restartedMain] o.a.k.c.NetworkClient [NetworkClient.java:671] [Consumer clientId=consumer-1, groupId=community-consumer-group] Connection to node -1 could not be established. Broker may not be available.
2022-03-12 10:23:15,952 WARN [restartedMain] o.a.k.c.NetworkClient [NetworkClient.java:671] [Consumer clientId=consumer-1, groupId=community-consumer-group] Connection to node -1 could not be established. Broker may not be available.
2022-03-12 10:23:17,858 WARN [restartedMain] o.a.k.c.NetworkClient [NetworkClient.java:671] [Consumer clientId=consumer-1, groupId=community-consumer-group] Connection to node -1 could not be established. Broker may not be available.
2022-03-12 10:23:19,821 WARN [restartedMain] o.a.k.c.NetworkClient [NetworkClient.java:671] [Consumer clientId=consumer-1, groupId=community-consumer-group] Connection to node -1 could not be established. Broker may not be available.
2022-03-12 10:23:22,004 WARN [restartedMain] o.a.k.c.NetworkClient [NetworkClient.java:671] [Consumer clientId=consumer-1, groupId=community-consumer-group] Connection to node -1 could not be established. Broker may not be available.
2022-03-12 10:23:24,049 WARN [restartedMain] o.a.k.c.NetworkClient [NetworkClient.java:671] [Consumer clientId=consumer-1, groupId=community-consumer-group] Connection to node -1 could not be established. Broker may not be available.
2022-03-12 10:23:26,069 WARN [restartedMain] o.a.k.c.NetworkClient [NetworkClient.java:671] [Consumer clientId=consumer-1, groupId=community-consumer-group] Connection to node -1 could not be established. Broker may not be available.
2022-03-12 10:23:28,079 WARN [restartedMain] o.a.k.c.NetworkClient [NetworkClient.java:671] [Consumer clientId=consumer-1, groupId=community-consumer-group] Connection to node -1 could not be established. Broker may not be available.
2022-03-12 10:23:30,293 WARN [restartedMain] o.a.k.c.NetworkClient [NetworkClient.java:671] [Consumer clientId=consumer-1, groupId=community-consumer-group] Connection to node -1 could not be established. Broker may not be available.
2022-03-12 10:23:32,304 WARN [restartedMain] o.a.k.c.NetworkClient [NetworkClient.java:671] [Consumer clientId=consumer-1, groupId=community-consumer-group] Connection to node -1 could not be established. Broker may not be available.
2022-03-12 10:23:34,512 WARN [restartedMain] o.a.k.c.NetworkClient [NetworkClient.java:671] [Consumer clientId=consumer-1, groupId=community-consumer-group] Connection to node -1 could not be established. Broker may not be available.
2022-03-12 10:23:36,522 WARN [restartedMain] o.a.k.c.NetworkClient [NetworkClient.java:671] [Consumer clientId=consumer-1, groupId=community-consumer-group] Connection to node -1 could not be established. Broker may not be available.
2022-03-12 10:23:38,630 WARN [restartedMain] o.a.k.c.NetworkClient [NetworkClient.java:671] [Consumer clientId=consumer-1, groupId=community-consumer-group] Connection to node -1 could not be established. Broker may not be available.
2022-03-12 10:23:40,640 WARN [restartedMain] o.a.k.c.NetworkClient [NetworkClient.java:671] [Consumer clientId=consumer-1, groupId=community-consumer-group] Connection to node -1 could not be established. Broker may not be available.
2022-03-12 10:23:42,854 WARN [restartedMain] o.a.k.c.NetworkClient [NetworkClient.java:671] [Consumer clientId=consumer-1, groupId=community-consumer-group] Connection to node -1 could not be established. Broker may not be available.
2022-03-12 10:23:44,760 WARN [restartedMain] o.a.k.c.NetworkClient [NetworkClient.java:671] [Consumer clientId=consumer-1, groupId=community-consumer-group] Connection to node -1 could not be established. Broker may not be available.
2022-03-12 10:23:46,973 WARN [restartedMain] o.a.k.c.NetworkClient [NetworkClient.java:671] [Consumer clientId=consumer-1, groupId=community-consumer-group] Connection to node -1 could not be established. Broker may not be available.
2022-03-12 10:23:48,885 WARN [restartedMain] o.a.k.c.NetworkClient [NetworkClient.java:671] [Consumer clientId=consumer-1, groupId=community-consumer-group] Connection to node -1 could not be established. Broker may not be available.
2022-03-12 10:23:50,894 WARN [restartedMain] o.a.k.c.NetworkClient [NetworkClient.java:671] [Consumer clientId=consumer-1, groupId=community-consumer-group] Connection to node -1 could not be established. Broker may not be available.
2022-03-12 10:23:51,110 WARN [restartedMain] o.s.b.w.s.c.AnnotationConfigServletWebServerApplicationContext [AbstractApplicationContext.java:557] Exception encountered during context initialization - cancelling refresh attempt: org.springframework.context.ApplicationContextException: Failed to start bean 'org.springframework.kafka.config.internalKafkaListenerEndpointRegistry'; nested exception is org.apache.kafka.common.errors.TimeoutException: Timeout expired while fetching topic metadata
2022-03-12 10:36:59,654 WARN [restartedMain] o.a.k.c.NetworkClient [NetworkClient.java:671] [Consumer clientId=consumer-1, groupId=community-consumer-group] Connection to node -1 could not be established. Broker may not be available.
2022-03-12 10:37:00,758 WARN [restartedMain] o.a.k.c.NetworkClient [NetworkClient.java:671] [Consumer clientId=consumer-1, groupId=community-consumer-group] Connection to node -1 could not be established. Broker may not be available.
2022-03-12 10:37:01,860 WARN [restartedMain] o.a.k.c.NetworkClient [NetworkClient.java:671] [Consumer clientId=consumer-1, groupId=community-consumer-group] Connection to node -1 could not be established. Broker may not be available.
2022-03-12 10:37:03,063 WARN [restartedMain] o.a.k.c.NetworkClient [NetworkClient.java:671] [Consumer clientId=consumer-1, groupId=community-consumer-group] Connection to node -1 could not be established. Broker may not be available.
2022-03-12 10:37:04,469 WARN [restartedMain] o.a.k.c.NetworkClient [NetworkClient.java:671] [Consumer clientId=consumer-1, groupId=community-consumer-group] Connection to node -1 could not be established. Broker may not be available.
2022-03-12 10:37:06,375 WARN [restartedMain] o.a.k.c.NetworkClient [NetworkClient.java:671] [Consumer clientId=consumer-1, groupId=community-consumer-group] Connection to node -1 could not be established. Broker may not be available.
2022-03-12 10:37:08,483 WARN [restartedMain] o.a.k.c.NetworkClient [NetworkClient.java:671] [Consumer clientId=consumer-1, groupId=community-consumer-group] Connection to node -1 could not be established. Broker may not be available.
2022-03-12 10:37:10,592 WARN [restartedMain] o.a.k.c.NetworkClient [NetworkClient.java:671] [Consumer clientId=consumer-1, groupId=community-consumer-group] Connection to node -1 could not be established. Broker may not be available.
2022-03-12 10:37:12,699 WARN [restartedMain] o.a.k.c.NetworkClient [NetworkClient.java:671] [Consumer clientId=consumer-1, groupId=community-consumer-group] Connection to node -1 could not be established. Broker may not be available.
2022-03-12 10:37:14,706 WARN [restartedMain] o.a.k.c.NetworkClient [NetworkClient.java:671] [Consumer clientId=consumer-1, groupId=community-consumer-group] Connection to node -1 could not be established. Broker may not be available.
2022-03-12 10:37:16,716 WARN [restartedMain] o.a.k.c.NetworkClient [NetworkClient.java:671] [Consumer clientId=consumer-1, groupId=community-consumer-group] Connection to node -1 could not be established. Broker may not be available.
2022-03-12 10:37:18,932 WARN [restartedMain] o.a.k.c.NetworkClient [NetworkClient.java:671] [Consumer clientId=consumer-1, groupId=community-consumer-group] Connection to node -1 could not be established. Broker may not be available.
2022-03-12 10:37:21,144 WARN [restartedMain] o.a.k.c.NetworkClient [NetworkClient.java:671] [Consumer clientId=consumer-1, groupId=community-consumer-group] Connection to node -1 could not be established. Broker may not be available.
2022-03-12 10:37:23,355 WARN [restartedMain] o.a.k.c.NetworkClient [NetworkClient.java:671] [Consumer clientId=consumer-1, groupId=community-consumer-group] Connection to node -1 could not be established. Broker may not be available.
2022-03-12 10:37:25,465 WARN [restartedMain] o.a.k.c.NetworkClient [NetworkClient.java:671] [Consumer clientId=consumer-1, groupId=community-consumer-group] Connection to node -1 could not be established. Broker may not be available.
2022-03-12 10:37:27,469 WARN [restartedMain] o.a.k.c.NetworkClient [NetworkClient.java:671] [Consumer clientId=consumer-1, groupId=community-consumer-group] Connection to node -1 could not be established. Broker may not be available.
2022-03-12 10:37:29,477 WARN [restartedMain] o.a.k.c.NetworkClient [NetworkClient.java:671] [Consumer clientId=consumer-1, groupId=community-consumer-group] Connection to node -1 could not be established. Broker may not be available.
2022-03-12 10:37:31,384 WARN [restartedMain] o.a.k.c.NetworkClient [NetworkClient.java:671] [Consumer clientId=consumer-1, groupId=community-consumer-group] Connection to node -1 could not be established. Broker may not be available.
2022-03-12 10:37:33,493 WARN [restartedMain] o.a.k.c.NetworkClient [NetworkClient.java:671] [Consumer clientId=consumer-1, groupId=community-consumer-group] Connection to node -1 could not be established. Broker may not be available.
2022-03-12 10:37:35,602 WARN [restartedMain] o.a.k.c.NetworkClient [NetworkClient.java:671] [Consumer clientId=consumer-1, groupId=community-consumer-group] Connection to node -1 could not be established. Broker may not be available.
2022-03-12 10:37:37,810 WARN [restartedMain] o.a.k.c.NetworkClient [NetworkClient.java:671] [Consumer clientId=consumer-1, groupId=community-consumer-group] Connection to node -1 could not be established. Broker may not be available.
2022-03-12 10:37:39,716 WARN [restartedMain] o.a.k.c.NetworkClient [NetworkClient.java:671] [Consumer clientId=consumer-1, groupId=community-consumer-group] Connection to node -1 could not be established. Broker may not be available.
2022-03-12 10:37:41,621 WARN [restartedMain] o.a.k.c.NetworkClient [NetworkClient.java:671] [Consumer clientId=consumer-1, groupId=community-consumer-group] Connection to node -1 could not be established. Broker may not be available.
2022-03-12 10:37:43,828 WARN [restartedMain] o.a.k.c.NetworkClient [NetworkClient.java:671] [Consumer clientId=consumer-1, groupId=community-consumer-group] Connection to node -1 could not be established. Broker may not be available.
2022-03-12 10:37:45,937 WARN [restartedMain] o.a.k.c.NetworkClient [NetworkClient.java:671] [Consumer clientId=consumer-1, groupId=community-consumer-group] Connection to node -1 could not be established. Broker may not be available.
2022-03-12 10:37:47,943 WARN [restartedMain] o.a.k.c.NetworkClient [NetworkClient.java:671] [Consumer clientId=consumer-1, groupId=community-consumer-group] Connection to node -1 could not be established. Broker may not be available.
2022-03-12 10:37:49,949 WARN [restartedMain] o.a.k.c.NetworkClient [NetworkClient.java:671] [Consumer clientId=consumer-1, groupId=community-consumer-group] Connection to node -1 could not be established. Broker may not be available.
2022-03-12 10:37:52,059 WARN [restartedMain] o.a.k.c.NetworkClient [NetworkClient.java:671] [Consumer clientId=consumer-1, groupId=community-consumer-group] Connection to node -1 could not be established. Broker may not be available.
2022-03-12 10:37:54,268 WARN [restartedMain] o.a.k.c.NetworkClient [NetworkClient.java:671] [Consumer clientId=consumer-1, groupId=community-consumer-group] Connection to node -1 could not be established. Broker may not be available.
2022-03-12 10:37:56,278 WARN [restartedMain] o.a.k.c.NetworkClient [NetworkClient.java:671] [Consumer clientId=consumer-1, groupId=community-consumer-group] Connection to node -1 could not be established. Broker may not be available.
2022-03-12 10:37:58,488 WARN [restartedMain] o.a.k.c.NetworkClient [NetworkClient.java:671] [Consumer clientId=consumer-1, groupId=community-consumer-group] Connection to node -1 could not be established. Broker may not be available.
2022-03-12 10:37:58,647 WARN [restartedMain] o.s.b.w.s.c.AnnotationConfigServletWebServerApplicationContext [AbstractApplicationContext.java:557] Exception encountered during context initialization - cancelling refresh attempt: org.springframework.context.ApplicationContextException: Failed to start bean 'org.springframework.kafka.config.internalKafkaListenerEndpointRegistry'; nested exception is org.apache.kafka.common.errors.TimeoutException: Timeout expired while fetching topic metadata
2022-03-12 11:33:51,855 WARN [http-nio-8080-exec-10] o.s.w.s.m.m.a.ExceptionHandlerExceptionResolver [AbstractHandlerExceptionResolver.java:198] Resolved [org.springframework.web.bind.MissingRequestCookieException: Missing cookie 'kaptchaOwner' for method parameter of type String]
2022-03-12 11:41:39,197 WARN [restartedMain] o.a.c.c.C.[.[.[/community] [DirectJDKLog.java:173] Cannot deserialize session attribute [SPRING_SECURITY_CONTEXT] for session [3AA4C34B5F85BC4A1173E2D4E0AF6437]
2022-03-12 14:33:13,206 WARN [restartedMain] o.a.c.c.C.[.[.[/community] [DirectJDKLog.java:173] Cannot deserialize session attribute [SPRING_SECURITY_CONTEXT] for session [B3B9AE741D7523C861A70F977CB3361C]
2022-03-12 14:33:27,198 WARN [restartedMain] o.a.k.c.NetworkClient [NetworkClient.java:671] [Consumer clientId=consumer-1, groupId=community-consumer-group] Connection to node -1 could not be established. Broker may not be available.
2022-03-12 14:33:28,306 WARN [restartedMain] o.a.k.c.NetworkClient [NetworkClient.java:671] [Consumer clientId=consumer-1, groupId=community-consumer-group] Connection to node -1 could not be established. Broker may not be available.
2022-03-12 14:33:29,410 WARN [restartedMain] o.a.k.c.NetworkClient [NetworkClient.java:671] [Consumer clientId=consumer-1, groupId=community-consumer-group] Connection to node -1 could not be established. Broker may not be available.
2022-03-12 14:33:30,720 WARN [restartedMain] o.a.k.c.NetworkClient [NetworkClient.java:671] [Consumer clientId=consumer-1, groupId=community-consumer-group] Connection to node -1 could not be established. Broker may not be available.
2022-03-12 14:33:32,226 WARN [restartedMain] o.a.k.c.NetworkClient [NetworkClient.java:671] [Consumer clientId=consumer-1, groupId=community-consumer-group] Connection to node -1 could not be established. Broker may not be available.
2022-03-12 14:33:33,934 WARN [restartedMain] o.a.k.c.NetworkClient [NetworkClient.java:671] [Consumer clientId=consumer-1, groupId=community-consumer-group] Connection to node -1 could not be established. Broker may not be available.
2022-03-12 14:33:36,053 WARN [restartedMain] o.a.k.c.NetworkClient [NetworkClient.java:671] [Consumer clientId=consumer-1, groupId=community-consumer-group] Connection to node -1 could not be established. Broker may not be available.
2022-03-12 14:33:38,166 WARN [restartedMain] o.a.k.c.NetworkClient [NetworkClient.java:671] [Consumer clientId=consumer-1, groupId=community-consumer-group] Connection to node -1 could not be established. Broker may not be available.
2022-03-12 14:37:04,811 WARN [restartedMain] o.a.k.c.NetworkClient [NetworkClient.java:671] [Consumer clientId=consumer-1, groupId=community-consumer-group] Connection to node -1 could not be established. Broker may not be available.
2022-03-12 14:37:05,922 WARN [restartedMain] o.a.k.c.NetworkClient [NetworkClient.java:671] [Consumer clientId=consumer-1, groupId=community-consumer-group] Connection to node -1 could not be established. Broker may not be available.
2022-03-12 14:37:07,029 WARN [restartedMain] o.a.k.c.NetworkClient [NetworkClient.java:671] [Consumer clientId=consumer-1, groupId=community-consumer-group] Connection to node -1 could not be established. Broker may not be available.
2022-03-12 14:37:08,336 WARN [restartedMain] o.a.k.c.NetworkClient [NetworkClient.java:671] [Consumer clientId=consumer-1, groupId=community-consumer-group] Connection to node -1 could not be established. Broker may not be available.
2022-03-12 14:37:09,741 WARN [restartedMain] o.a.k.c.NetworkClient [NetworkClient.java:671] [Consumer clientId=consumer-1, groupId=community-consumer-group] Connection to node -1 could not be established. Broker may not be available.
2022-03-12 14:37:11,553 WARN [restartedMain] o.a.k.c.NetworkClient [NetworkClient.java:671] [Consumer clientId=consumer-1, groupId=community-consumer-group] Connection to node -1 could not be established. Broker may not be available.
2022-03-12 14:37:13,563 WARN [restartedMain] o.a.k.c.NetworkClient [NetworkClient.java:671] [Consumer clientId=consumer-1, groupId=community-consumer-group] Connection to node -1 could not be established. Broker may not be available.
2022-03-12 14:37:15,771 WARN [restartedMain] o.a.k.c.NetworkClient [NetworkClient.java:671] [Consumer clientId=consumer-1, groupId=community-consumer-group] Connection to node -1 could not be established. Broker may not be available.
2022-03-12 14:37:17,778 WARN [restartedMain] o.a.k.c.NetworkClient [NetworkClient.java:671] [Consumer clientId=consumer-1, groupId=community-consumer-group] Connection to node -1 could not be established. Broker may not be available.
2022-03-12 14:37:19,890 WARN [restartedMain] o.a.k.c.NetworkClient [NetworkClient.java:671] [Consumer clientId=consumer-1, groupId=community-consumer-group] Connection to node -1 could not be established. Broker may not be available.
2022-03-12 14:37:22,002 WARN [restartedMain] o.a.k.c.NetworkClient [NetworkClient.java:671] [Consumer clientId=consumer-1, groupId=community-consumer-group] Connection to node -1 could not be established. Broker may not be available.
2022-03-12 14:37:23,810 WARN [restartedMain] o.a.k.c.NetworkClient [NetworkClient.java:671] [Consumer clientId=consumer-1, groupId=community-consumer-group] Connection to node -1 could not be established. Broker may not be available.
2022-03-12 14:37:25,824 WARN [restartedMain] o.a.k.c.NetworkClient [NetworkClient.java:671] [Consumer clientId=consumer-1, groupId=community-consumer-group] Connection to node -1 could not be established. Broker may not be available.
2022-03-12 14:37:27,730 WARN [restartedMain] o.a.k.c.NetworkClient [NetworkClient.java:671] [Consumer clientId=consumer-1, groupId=community-consumer-group] Connection to node -1 could not be established. Broker may not be available.
2022-03-12 14:37:29,740 WARN [restartedMain] o.a.k.c.NetworkClient [NetworkClient.java:671] [Consumer clientId=consumer-1, groupId=community-consumer-group] Connection to node -1 could not be established. Broker may not be available.
2022-03-12 14:37:31,650 WARN [restartedMain] o.a.k.c.NetworkClient [NetworkClient.java:671] [Consumer clientId=consumer-1, groupId=community-consumer-group] Connection to node -1 could not be established. Broker may not be available.
2022-03-12 14:37:33,759 WARN [restartedMain] o.a.k.c.NetworkClient [NetworkClient.java:671] [Consumer clientId=consumer-1, groupId=community-consumer-group] Connection to node -1 could not be established. Broker may not be available.
2022-03-12 14:37:35,868 WARN [restartedMain] o.a.k.c.NetworkClient [NetworkClient.java:671] [Consumer clientId=consumer-1, groupId=community-consumer-group] Connection to node -1 could not be established. Broker may not be available.
2022-03-12 14:37:37,980 WARN [restartedMain] o.a.k.c.NetworkClient [NetworkClient.java:671] [Consumer clientId=consumer-1, groupId=community-consumer-group] Connection to node -1 could not be established. Broker may not be available.
2022-03-12 14:37:39,991 WARN [restartedMain] o.a.k.c.NetworkClient [NetworkClient.java:671] [Consumer clientId=consumer-1, groupId=community-consumer-group] Connection to node -1 could not be established. Broker may not be available.
2022-03-12 14:37:41,903 WARN [restartedMain] o.a.k.c.NetworkClient [NetworkClient.java:671] [Consumer clientId=consumer-1, groupId=community-consumer-group] Connection to node -1 could not be established. Broker may not be available.
2022-03-12 14:37:44,013 WARN [restartedMain] o.a.k.c.NetworkClient [NetworkClient.java:671] [Consumer clientId=consumer-1, groupId=community-consumer-group] Connection to node -1 could not be established. Broker may not be available.
2022-03-12 14:37:45,926 WARN [restartedMain] o.a.k.c.NetworkClient [NetworkClient.java:671] [Consumer clientId=consumer-1, groupId=community-consumer-group] Connection to node -1 could not be established. Broker may not be available.
2022-03-12 14:37:47,935 WARN [restartedMain] o.a.k.c.NetworkClient [NetworkClient.java:671] [Consumer clientId=consumer-1, groupId=community-consumer-group] Connection to node -1 could not be established. Broker may not be available.
2022-03-12 14:37:49,946 WARN [restartedMain] o.a.k.c.NetworkClient [NetworkClient.java:671] [Consumer clientId=consumer-1, groupId=community-consumer-group] Connection to node -1 could not be established. Broker may not be available.
2022-03-12 14:37:51,857 WARN [restartedMain] o.a.k.c.NetworkClient [NetworkClient.java:671] [Consumer clientId=consumer-1, groupId=community-consumer-group] Connection to node -1 could not be established. Broker may not be available.
2022-03-12 14:37:54,065 WARN [restartedMain] o.a.k.c.NetworkClient [NetworkClient.java:671] [Consumer clientId=consumer-1, groupId=community-consumer-group] Connection to node -1 could not be established. Broker may not be available.
2022-03-12 14:37:56,274 WARN [restartedMain] o.a.k.c.NetworkClient [NetworkClient.java:671] [Consumer clientId=consumer-1, groupId=community-consumer-group] Connection to node -1 could not be established. Broker may not be available.
2022-03-12 14:37:58,282 WARN [restartedMain] o.a.k.c.NetworkClient [NetworkClient.java:671] [Consumer clientId=consumer-1, groupId=community-consumer-group] Connection to node -1 could not be established. Broker may not be available.
2022-03-12 14:38:00,415 WARN [restartedMain] o.a.k.c.NetworkClient [NetworkClient.java:671] [Consumer clientId=consumer-1, groupId=community-consumer-group] Connection to node -1 could not be established. Broker may not be available.
2022-03-12 14:38:02,323 WARN [restartedMain] o.a.k.c.NetworkClient [NetworkClient.java:671] [Consumer clientId=consumer-1, groupId=community-consumer-group] Connection to node -1 could not be established. Broker may not be available.
2022-03-12 14:38:03,796 WARN [restartedMain] o.s.b.w.s.c.AnnotationConfigServletWebServerApplicationContext [AbstractApplicationContext.java:557] Exception encountered during context initialization - cancelling refresh attempt: org.springframework.context.ApplicationContextException: Failed to start bean 'org.springframework.kafka.config.internalKafkaListenerEndpointRegistry'; nested exception is org.apache.kafka.common.errors.TimeoutException: Timeout expired while fetching topic metadata
2022-03-12 15:30:29,293 WARN [restartedMain] o.a.k.c.NetworkClient [NetworkClient.java:671] [Consumer clientId=consumer-1, groupId=community-consumer-group] Connection to node -1 could not be established. Broker may not be available.
2022-03-12 15:30:30,402 WARN [restartedMain] o.a.k.c.NetworkClient [NetworkClient.java:671] [Consumer clientId=consumer-1, groupId=community-consumer-group] Connection to node -1 could not be established. Broker may not be available.
2022-03-12 15:30:31,509 WARN [restartedMain] o.a.k.c.NetworkClient [NetworkClient.java:671] [Consumer clientId=consumer-1, groupId=community-consumer-group] Connection to node -1 could not be established. Broker may not be available.
2022-03-12 15:30:32,715 WARN [restartedMain] o.a.k.c.NetworkClient [NetworkClient.java:671] [Consumer clientId=consumer-1, groupId=community-consumer-group] Connection to node -1 could not be established. Broker may not be available.
2022-03-12 15:30:34,121 WARN [restartedMain] o.a.k.c.NetworkClient [NetworkClient.java:671] [Consumer clientId=consumer-1, groupId=community-consumer-group] Connection to node -1 could not be established. Broker may not be available.
2022-03-12 15:30:36,032 WARN [restartedMain] o.a.k.c.NetworkClient [NetworkClient.java:671] [Consumer clientId=consumer-1, groupId=community-consumer-group] Connection to node -1 could not be established. Broker may not be available.
2022-03-12 15:30:37,941 WARN [restartedMain] o.a.k.c.NetworkClient [NetworkClient.java:671] [Consumer clientId=consumer-1, groupId=community-consumer-group] Connection to node -1 could not be established. Broker may not be available.
2022-03-12 15:30:40,155 WARN [restartedMain] o.a.k.c.NetworkClient [NetworkClient.java:671] [Consumer clientId=consumer-1, groupId=community-consumer-group] Connection to node -1 could not be established. Broker may not be available.
2022-03-12 15:30:42,366 WARN [restartedMain] o.a.k.c.NetworkClient [NetworkClient.java:671] [Consumer clientId=consumer-1, groupId=community-consumer-group] Connection to node -1 could not be established. Broker may not be available.
2022-03-12 15:30:44,579 WARN [restartedMain] o.a.k.c.NetworkClient [NetworkClient.java:671] [Consumer clientId=consumer-1, groupId=community-consumer-group] Connection to node -1 could not be established. Broker may not be available.
2022-03-12 15:30:46,692 WARN [restartedMain] o.a.k.c.NetworkClient [NetworkClient.java:671] [Consumer clientId=consumer-1, groupId=community-consumer-group] Connection to node -1 could not be established. Broker may not be available.
2022-03-12 15:30:48,902 WARN [restartedMain] o.a.k.c.NetworkClient [NetworkClient.java:671] [Consumer clientId=consumer-1, groupId=community-consumer-group] Connection to node -1 could not be established. Broker may not be available.
2022-03-12 15:30:50,913 WARN [restartedMain] o.a.k.c.NetworkClient [NetworkClient.java:671] [Consumer clientId=consumer-1, groupId=community-consumer-group] Connection to node -1 could not be established. Broker may not be available.
2022-03-12 15:30:52,818 WARN [restartedMain] o.a.k.c.NetworkClient [NetworkClient.java:671] [Consumer clientId=consumer-1, groupId=community-consumer-group] Connection to node -1 could not be established. Broker may not be available.
2022-03-12 15:30:54,830 WARN [restartedMain] o.a.k.c.NetworkClient [NetworkClient.java:671] [Consumer clientId=consumer-1, groupId=community-consumer-group] Connection to node -1 could not be established. Broker may not be available.
2022-03-12 15:30:56,941 WARN [restartedMain] o.a.k.c.NetworkClient [NetworkClient.java:671] [Consumer clientId=consumer-1, groupId=community-consumer-group] Connection to node -1 could not be established. Broker may not be available.
2022-03-12 15:30:59,125 WARN [restartedMain] o.a.k.c.NetworkClient [NetworkClient.java:671] [Consumer clientId=consumer-1, groupId=community-consumer-group] Connection to node -1 could not be established. Broker may not be available.
2022-03-12 15:31:00,977 WARN [restartedMain] o.a.k.c.NetworkClient [NetworkClient.java:671] [Consumer clientId=consumer-1, groupId=community-consumer-group] Connection to node -1 could not be established. Broker may not be available.
2022-03-12 15:31:03,092 WARN [restartedMain] o.a.k.c.NetworkClient [NetworkClient.java:671] [Consumer clientId=consumer-1, groupId=community-consumer-group] Connection to node -1 could not be established. Broker may not be available.
2022-03-12 15:31:05,009 WARN [restartedMain] o.a.k.c.NetworkClient [NetworkClient.java:671] [Consumer clientId=consumer-1, groupId=community-consumer-group] Connection to node -1 could not be established. Broker may not be available.
2022-03-12 15:31:07,019 WARN [restartedMain] o.a.k.c.NetworkClient [NetworkClient.java:671] [Consumer clientId=consumer-1, groupId=community-consumer-group] Connection to node -1 could not be established. Broker may not be available.
2022-03-12 15:31:09,127 WARN [restartedMain] o.a.k.c.NetworkClient [NetworkClient.java:671] [Consumer clientId=consumer-1, groupId=community-consumer-group] Connection to node -1 could not be established. Broker may not be available.
2022-03-12 15:31:11,240 WARN [restartedMain] o.a.k.c.NetworkClient [NetworkClient.java:671] [Consumer clientId=consumer-1, groupId=community-consumer-group] Connection to node -1 could not be established. Broker may not be available.
2022-03-12 15:31:13,379 WARN [restartedMain] o.a.k.c.NetworkClient [NetworkClient.java:671] [Consumer clientId=consumer-1, groupId=community-consumer-group] Connection to node -1 could not be established. Broker may not be available.
2022-03-12 15:31:15,643 WARN [restartedMain] o.a.k.c.NetworkClient [NetworkClient.java:671] [Consumer clientId=consumer-1, groupId=community-consumer-group] Connection to node -1 could not be established. Broker may not be available.
2022-03-12 15:31:17,844 WARN [restartedMain] o.a.k.c.NetworkClient [NetworkClient.java:671] [Consumer clientId=consumer-1, groupId=community-consumer-group] Connection to node -1 could not be established. Broker may not be available.
2022-03-12 15:31:20,054 WARN [restartedMain] o.a.k.c.NetworkClient [NetworkClient.java:671] [Consumer clientId=consumer-1, groupId=community-consumer-group] Connection to node -1 could not be established. Broker may not be available.
2022-03-12 15:31:21,960 WARN [restartedMain] o.a.k.c.NetworkClient [NetworkClient.java:671] [Consumer clientId=consumer-1, groupId=community-consumer-group] Connection to node -1 could not be established. Broker may not be available.
2022-03-12 15:31:24,071 WARN [restartedMain] o.a.k.c.NetworkClient [NetworkClient.java:671] [Consumer clientId=consumer-1, groupId=community-consumer-group] Connection to node -1 could not be established. Broker may not be available.
2022-03-12 15:31:26,079 WARN [restartedMain] o.a.k.c.NetworkClient [NetworkClient.java:671] [Consumer clientId=consumer-1, groupId=community-consumer-group] Connection to node -1 could not be established. Broker may not be available.
2022-03-12 15:31:27,987 WARN [restartedMain] o.a.k.c.NetworkClient [NetworkClient.java:671] [Consumer clientId=consumer-1, groupId=community-consumer-group] Connection to node -1 could not be established. Broker may not be available.
2022-03-12 15:31:28,288 WARN [restartedMain] o.s.b.w.s.c.AnnotationConfigServletWebServerApplicationContext [AbstractApplicationContext.java:557] Exception encountered during context initialization - cancelling refresh attempt: org.springframework.context.ApplicationContextException: Failed to start bean 'org.springframework.kafka.config.internalKafkaListenerEndpointRegistry'; nested exception is org.apache.kafka.common.errors.TimeoutException: Timeout expired while fetching topic metadata
2022-03-12 21:42:14,732 WARN [restartedMain] o.s.b.w.s.c.AnnotationConfigServletWebServerApplicationContext [AbstractApplicationContext.java:557] Exception encountered during context initialization - cancelling refresh attempt: org.springframework.context.ApplicationContextException: Failed to start bean 'org.springframework.kafka.config.internalKafkaListenerEndpointRegistry'; nested exception is org.apache.kafka.common.errors.TimeoutException: Timeout expired while fetching topic metadata
2022-03-12 22:55:17,325 WARN [restartedMain] o.a.c.c.C.[.[.[/community] [DirectJDKLog.java:173] Cannot deserialize session attribute [SPRING_SECURITY_CONTEXT] for session [311268DE3489EB64D0E78298C5CBEF0C]
2022-03-12 22:55:30,843 WARN [restartedMain] o.s.b.w.s.c.AnnotationConfigServletWebServerApplicationContext [AbstractApplicationContext.java:557] Exception encountered during context initialization - cancelling refresh attempt: org.springframework.beans.factory.BeanCreationException: Error creating bean with name 'quartzScheduler' defined in class path resource [org/springframework/boot/autoconfigure/quartz/QuartzAutoConfiguration.class]: Invocation of init method failed; nested exception is org.quartz.JobPersistenceException: Couldn't retrieve job: Table 'community.qrtz_job_details' doesn't exist [See nested exception: java.sql.SQLSyntaxErrorException: Table 'community.qrtz_job_details' doesn't exist]
2022-03-12 23:02:40,086 WARN [restartedMain] o.a.c.c.C.[.[.[/community] [DirectJDKLog.java:173] Cannot deserialize session attribute [SPRING_SECURITY_CONTEXT] for session [EB942DC869A838C236D5293862733284]
