2022-01-11 14:45:07,387 INFO [Thread-15] o.s.s.c.ThreadPoolTaskExecutor [ExecutorConfigurationSupport.java:208] Shutting down ExecutorService 'applicationTaskExecutor'
2022-01-11 14:45:07,417 INFO [Thread-15] c.z.h.HikariDataSource [HikariDataSource.java:350] HikariPool-1 - Shutdown initiated...
2022-01-11 14:45:07,423 INFO [Thread-15] c.z.h.HikariDataSource [HikariDataSource.java:352] HikariPool-1 - Shutdown completed.
2022-01-11 20:13:40,867 INFO [restartedMain] c.n.c.CommunityApplication [StartupInfoLogger.java:50] Starting CommunityApplication on DESKTOP-L6FIG1T with PID 17656 (C:\Users\syl17\Desktop\Learning\community\target\classes started by syl17 in C:\Users\syl17\Desktop\Learning\community)
2022-01-11 20:13:40,874 INFO [restartedMain] c.n.c.CommunityApplication [SpringApplication.java:675] No active profile set, falling back to default profiles: default
2022-01-11 20:13:41,011 INFO [restartedMain] o.s.b.d.e.DevToolsPropertyDefaultsPostProcessor [DeferredLog.java:227] Devtools property defaults active! Set 'spring.devtools.add-properties' to 'false' to disable
2022-01-11 20:13:41,012 INFO [restartedMain] o.s.b.d.e.DevToolsPropertyDefaultsPostProcessor [DeferredLog.java:227] For additional web related logging consider setting the 'logging.level.web' property to 'DEBUG'
2022-01-11 20:13:44,671 INFO [restartedMain] o.s.b.w.e.t.TomcatWebServer [TomcatWebServer.java:90] Tomcat initialized with port(s): 8080 (http)
2022-01-11 20:13:44,708 INFO [restartedMain] o.a.c.h.Http11NioProtocol [DirectJDKLog.java:173] Initializing ProtocolHandler ["http-nio-8080"]
2022-01-11 20:13:44,728 INFO [restartedMain] o.a.c.c.StandardService [DirectJDKLog.java:173] Starting service [Tomcat]
2022-01-11 20:13:44,730 INFO [restartedMain] o.a.c.c.StandardEngine [DirectJDKLog.java:173] Starting Servlet engine: [Apache Tomcat/9.0.19]
2022-01-11 20:13:44,901 INFO [restartedMain] o.a.c.c.C.[.[.[/community] [DirectJDKLog.java:173] Initializing Spring embedded WebApplicationContext
2022-01-11 20:13:44,902 INFO [restartedMain] o.s.w.c.ContextLoader [ServletWebServerApplicationContext.java:296] Root WebApplicationContext: initialization completed in 3889 ms
2022-01-11 20:13:46,850 INFO [restartedMain] o.s.s.c.ThreadPoolTaskExecutor [ExecutorConfigurationSupport.java:171] Initializing ExecutorService 'applicationTaskExecutor'
2022-01-11 20:13:47,136 INFO [restartedMain] o.s.b.a.w.s.WelcomePageHandlerMapping [WelcomePageHandlerMapping.java:61] Adding welcome page template: index
2022-01-11 20:13:47,551 INFO [restartedMain] o.s.b.d.a.OptionalLiveReloadServer [OptionalLiveReloadServer.java:57] LiveReload server is running on port 35729
2022-01-11 20:13:47,604 INFO [restartedMain] o.a.c.h.Http11NioProtocol [DirectJDKLog.java:173] Starting ProtocolHandler ["http-nio-8080"]
2022-01-11 20:13:47,658 INFO [restartedMain] o.s.b.w.e.t.TomcatWebServer [TomcatWebServer.java:204] Tomcat started on port(s): 8080 (http) with context path '/community'
2022-01-11 20:13:47,664 INFO [restartedMain] c.n.c.CommunityApplication [StartupInfoLogger.java:59] Started CommunityApplication in 8.255 seconds (JVM running for 16.932)
2022-01-11 20:13:54,674 INFO [http-nio-8080-exec-1] o.a.c.c.C.[.[.[/community] [DirectJDKLog.java:173] Initializing Spring DispatcherServlet 'dispatcherServlet'
2022-01-11 20:13:54,705 INFO [http-nio-8080-exec-1] o.s.w.s.DispatcherServlet [FrameworkServlet.java:524] Initializing Servlet 'dispatcherServlet'
2022-01-11 20:13:54,739 INFO [http-nio-8080-exec-1] o.s.w.s.DispatcherServlet [FrameworkServlet.java:546] Completed initialization in 32 ms
2022-01-11 20:13:54,870 INFO [http-nio-8080-exec-1] c.n.c.a.ServiceLogAspect [ServiceLogAspect.java:36] 用户[0:0:0:0:0:0:0:1],在[2022-01-11 20:13:54],访问了[com.nowcoder.community.service.DiscussPostService.findDiscussPostRows].
2022-01-11 20:13:54,980 INFO [http-nio-8080-exec-1] c.z.h.HikariDataSource [HikariDataSource.java:110] HikariPool-1 - Starting...
2022-01-11 20:13:55,300 INFO [http-nio-8080-exec-1] c.z.h.HikariDataSource [HikariDataSource.java:123] HikariPool-1 - Start completed.
2022-01-11 20:13:55,405 INFO [http-nio-8080-exec-1] c.n.c.a.ServiceLogAspect [ServiceLogAspect.java:36] 用户[0:0:0:0:0:0:0:1],在[2022-01-11 20:13:55],访问了[com.nowcoder.community.service.DiscussPostService.findDiscussPosts].
2022-01-11 20:13:55,425 INFO [http-nio-8080-exec-1] c.n.c.a.ServiceLogAspect [ServiceLogAspect.java:36] 用户[0:0:0:0:0:0:0:1],在[2022-01-11 20:13:55],访问了[com.nowcoder.community.service.UserService.findUserById].
2022-01-11 20:13:55,441 INFO [http-nio-8080-exec-1] c.n.c.a.ServiceLogAspect [ServiceLogAspect.java:36] 用户[0:0:0:0:0:0:0:1],在[2022-01-11 20:13:55],访问了[com.nowcoder.community.service.UserService.findUserById].
2022-01-11 20:13:55,448 INFO [http-nio-8080-exec-1] c.n.c.a.ServiceLogAspect [ServiceLogAspect.java:36] 用户[0:0:0:0:0:0:0:1],在[2022-01-11 20:13:55],访问了[com.nowcoder.community.service.UserService.findUserById].
2022-01-11 20:13:55,451 INFO [http-nio-8080-exec-1] c.n.c.a.ServiceLogAspect [ServiceLogAspect.java:36] 用户[0:0:0:0:0:0:0:1],在[2022-01-11 20:13:55],访问了[com.nowcoder.community.service.UserService.findUserById].
2022-01-11 20:13:55,454 INFO [http-nio-8080-exec-1] c.n.c.a.ServiceLogAspect [ServiceLogAspect.java:36] 用户[0:0:0:0:0:0:0:1],在[2022-01-11 20:13:55],访问了[com.nowcoder.community.service.UserService.findUserById].
2022-01-11 20:13:55,457 INFO [http-nio-8080-exec-1] c.n.c.a.ServiceLogAspect [ServiceLogAspect.java:36] 用户[0:0:0:0:0:0:0:1],在[2022-01-11 20:13:55],访问了[com.nowcoder.community.service.UserService.findUserById].
2022-01-11 20:13:55,460 INFO [http-nio-8080-exec-1] c.n.c.a.ServiceLogAspect [ServiceLogAspect.java:36] 用户[0:0:0:0:0:0:0:1],在[2022-01-11 20:13:55],访问了[com.nowcoder.community.service.UserService.findUserById].
2022-01-11 20:13:55,464 INFO [http-nio-8080-exec-1] c.n.c.a.ServiceLogAspect [ServiceLogAspect.java:36] 用户[0:0:0:0:0:0:0:1],在[2022-01-11 20:13:55],访问了[com.nowcoder.community.service.UserService.findUserById].
2022-01-11 20:13:55,467 INFO [http-nio-8080-exec-1] c.n.c.a.ServiceLogAspect [ServiceLogAspect.java:36] 用户[0:0:0:0:0:0:0:1],在[2022-01-11 20:13:55],访问了[com.nowcoder.community.service.UserService.findUserById].
2022-01-11 20:13:55,470 INFO [http-nio-8080-exec-1] c.n.c.a.ServiceLogAspect [ServiceLogAspect.java:36] 用户[0:0:0:0:0:0:0:1],在[2022-01-11 20:13:55],访问了[com.nowcoder.community.service.UserService.findUserById].
2022-01-11 20:14:18,856 INFO [Thread-17] o.s.s.c.ThreadPoolTaskExecutor [ExecutorConfigurationSupport.java:208] Shutting down ExecutorService 'applicationTaskExecutor'
2022-01-11 20:14:18,857 INFO [Thread-17] c.z.h.HikariDataSource [HikariDataSource.java:350] HikariPool-1 - Shutdown initiated...
2022-01-11 20:14:18,870 INFO [Thread-17] c.z.h.HikariDataSource [HikariDataSource.java:352] HikariPool-1 - Shutdown completed.
