2022-03-18 15:51:33,584 INFO [restartedMain] c.n.c.CommunityApplication [StartupInfoLogger.java:50] Starting CommunityApplication on DESKTOP-L6FIG1T with PID 11468 (C:\Users\syl17\Desktop\Learning\community\target\classes started by syl17 in C:\Users\syl17\Desktop\Learning\community)
2022-03-18 15:51:33,602 INFO [restartedMain] c.n.c.CommunityApplication [SpringApplication.java:675] No active profile set, falling back to default profiles: default
2022-03-18 15:51:33,782 INFO [restartedMain] o.s.b.d.e.DevToolsPropertyDefaultsPostProcessor [DeferredLog.java:227] Devtools property defaults active! Set 'spring.devtools.add-properties' to 'false' to disable
2022-03-18 15:51:33,782 INFO [restartedMain] o.s.b.d.e.DevToolsPropertyDefaultsPostProcessor [DeferredLog.java:227] For additional web related logging consider setting the 'logging.level.web' property to 'DEBUG'
2022-03-18 15:51:35,426 INFO [restartedMain] o.s.d.r.c.RepositoryConfigurationDelegate [RepositoryConfigurationDelegate.java:244] Multiple Spring Data modules found, entering strict repository configuration mode!
2022-03-18 15:51:35,428 INFO [restartedMain] o.s.d.r.c.RepositoryConfigurationDelegate [RepositoryConfigurationDelegate.java:126] Bootstrapping Spring Data repositories in DEFAULT mode.
2022-03-18 15:51:35,519 INFO [restartedMain] o.s.d.r.c.RepositoryConfigurationDelegate [RepositoryConfigurationDelegate.java:182] Finished Spring Data repository scanning in 86ms. Found 1 repository interfaces.
2022-03-18 15:51:35,537 INFO [restartedMain] o.s.d.r.c.RepositoryConfigurationDelegate [RepositoryConfigurationDelegate.java:244] Multiple Spring Data modules found, entering strict repository configuration mode!
2022-03-18 15:51:35,538 INFO [restartedMain] o.s.d.r.c.RepositoryConfigurationDelegate [RepositoryConfigurationDelegate.java:126] Bootstrapping Spring Data repositories in DEFAULT mode.
2022-03-18 15:51:35,567 INFO [restartedMain] o.s.d.r.c.RepositoryConfigurationExtensionSupport [RepositoryConfigurationExtensionSupport.java:363] Spring Data Redis - Could not safely identify store assignment for repository candidate interface com.nowcoder.community.dao.elasticsearch.DiscussPostRepository.
2022-03-18 15:51:35,567 INFO [restartedMain] o.s.d.r.c.RepositoryConfigurationDelegate [RepositoryConfigurationDelegate.java:182] Finished Spring Data repository scanning in 17ms. Found 0 repository interfaces.
2022-03-18 15:51:36,120 INFO [restartedMain] o.s.c.s.PostProcessorRegistrationDelegate$BeanPostProcessorChecker [PostProcessorRegistrationDelegate.java:330] Bean 'org.springframework.kafka.annotation.KafkaBootstrapConfiguration' of type [org.springframework.kafka.annotation.KafkaBootstrapConfiguration$$EnhancerBySpringCGLIB$$4e8aae34] is not eligible for getting processed by all BeanPostProcessors (for example: not eligible for auto-proxying)
2022-03-18 15:51:36,180 INFO [restartedMain] o.s.c.s.PostProcessorRegistrationDelegate$BeanPostProcessorChecker [PostProcessorRegistrationDelegate.java:330] Bean 'org.springframework.transaction.annotation.ProxyTransactionManagementConfiguration' of type [org.springframework.transaction.annotation.ProxyTransactionManagementConfiguration$$EnhancerBySpringCGLIB$$7ad89cb1] is not eligible for getting processed by all BeanPostProcessors (for example: not eligible for auto-proxying)
2022-03-18 15:51:36,918 INFO [restartedMain] o.s.b.w.e.t.TomcatWebServer [TomcatWebServer.java:90] Tomcat initialized with port(s): 8080 (http)
2022-03-18 15:51:36,937 INFO [restartedMain] o.a.c.h.Http11NioProtocol [DirectJDKLog.java:173] Initializing ProtocolHandler ["http-nio-8080"]
2022-03-18 15:51:36,947 INFO [restartedMain] o.a.c.c.StandardService [DirectJDKLog.java:173] Starting service [Tomcat]
2022-03-18 15:51:36,947 INFO [restartedMain] o.a.c.c.StandardEngine [DirectJDKLog.java:173] Starting Servlet engine: [Apache Tomcat/9.0.19]
2022-03-18 15:51:37,184 INFO [restartedMain] o.a.c.c.C.[.[.[/community] [DirectJDKLog.java:173] Initializing Spring embedded WebApplicationContext
2022-03-18 15:51:37,185 INFO [restartedMain] o.s.w.c.ContextLoader [ServletWebServerApplicationContext.java:296] Root WebApplicationContext: initialization completed in 3385 ms
2022-03-18 15:51:39,851 INFO [restartedMain] o.e.p.PluginsService [PluginsService.java:190] no modules loaded
2022-03-18 15:51:39,852 INFO [restartedMain] o.e.p.PluginsService [PluginsService.java:193] loaded plugin [org.elasticsearch.index.reindex.ReindexPlugin]
2022-03-18 15:51:39,853 INFO [restartedMain] o.e.p.PluginsService [PluginsService.java:193] loaded plugin [org.elasticsearch.join.ParentJoinPlugin]
2022-03-18 15:51:39,853 INFO [restartedMain] o.e.p.PluginsService [PluginsService.java:193] loaded plugin [org.elasticsearch.percolator.PercolatorPlugin]
2022-03-18 15:51:39,854 INFO [restartedMain] o.e.p.PluginsService [PluginsService.java:193] loaded plugin [org.elasticsearch.script.mustache.MustachePlugin]
2022-03-18 15:51:39,854 INFO [restartedMain] o.e.p.PluginsService [PluginsService.java:193] loaded plugin [org.elasticsearch.transport.Netty4Plugin]
2022-03-18 15:51:43,465 INFO [restartedMain] o.s.d.e.c.TransportClientFactoryBean [TransportClientFactoryBean.java:88] Adding transport node : 127.0.0.1:9300
2022-03-18 15:51:47,902 INFO [restartedMain] o.s.b.d.a.OptionalLiveReloadServer [OptionalLiveReloadServer.java:57] LiveReload server is running on port 35729
2022-03-18 15:51:47,993 INFO [restartedMain] o.s.s.c.ThreadPoolTaskScheduler [ExecutorConfigurationSupport.java:171] Initializing ExecutorService 'taskScheduler'
2022-03-18 15:51:48,275 INFO [restartedMain] o.s.s.c.ThreadPoolTaskExecutor [ExecutorConfigurationSupport.java:171] Initializing ExecutorService 'applicationTaskExecutor'
2022-03-18 15:51:48,485 INFO [restartedMain] o.s.b.a.w.s.WelcomePageHandlerMapping [WelcomePageHandlerMapping.java:61] Adding welcome page template: index
2022-03-18 15:51:49,263 INFO [restartedMain] c.z.h.HikariDataSource [HikariDataSource.java:110] HikariPool-1 - Starting...
2022-03-18 15:51:49,482 INFO [restartedMain] c.z.h.HikariDataSource [HikariDataSource.java:123] HikariPool-1 - Start completed.
2022-03-18 15:51:49,648 INFO [restartedMain] o.q.i.StdSchedulerFactory [StdSchedulerFactory.java:1208] Using default implementation for ThreadExecutor
2022-03-18 15:51:49,671 INFO [restartedMain] o.q.c.SchedulerSignalerImpl [SchedulerSignalerImpl.java:61] Initialized Scheduler Signaller of type: class org.quartz.core.SchedulerSignalerImpl
2022-03-18 15:51:49,671 INFO [restartedMain] o.q.c.QuartzScheduler [QuartzScheduler.java:229] Quartz Scheduler v.2.3.1 created.
2022-03-18 15:51:49,673 INFO [restartedMain] o.q.s.RAMJobStore [RAMJobStore.java:155] RAMJobStore initialized.
2022-03-18 15:51:49,674 INFO [restartedMain] o.q.c.QuartzScheduler [QuartzScheduler.java:294] Scheduler meta-data: Quartz Scheduler (v2.3.1) 'quartzScheduler' with instanceId 'NON_CLUSTERED'
  Scheduler class: 'org.quartz.core.QuartzScheduler' - running locally.
  NOT STARTED.
  Currently in standby mode.
  Number of jobs executed: 0
  Using thread pool 'org.quartz.simpl.SimpleThreadPool' - with 10 threads.
  Using job-store 'org.quartz.simpl.RAMJobStore' - which does not support persistence. and is not clustered.

2022-03-18 15:51:49,675 INFO [restartedMain] o.q.i.StdSchedulerFactory [StdSchedulerFactory.java:1362] Quartz scheduler 'quartzScheduler' initialized from an externally provided properties instance.
2022-03-18 15:51:49,675 INFO [restartedMain] o.q.i.StdSchedulerFactory [StdSchedulerFactory.java:1366] Quartz scheduler version: 2.3.1
2022-03-18 15:51:49,676 INFO [restartedMain] o.q.c.QuartzScheduler [QuartzScheduler.java:2293] JobFactory set to: org.springframework.scheduling.quartz.SpringBeanJobFactory@5ca59d9a
2022-03-18 15:51:49,880 INFO [restartedMain] o.s.b.a.s.s.UserDetailsServiceAutoConfiguration [UserDetailsServiceAutoConfiguration.java:87] 

Using generated security password: 9b7e0ccf-0b2a-4744-9a79-a629842682ca

2022-03-18 15:51:50,037 INFO [restartedMain] o.s.s.w.DefaultSecurityFilterChain [DefaultSecurityFilterChain.java:43] Creating filter chain: Ant [pattern='/resources/**'], []
2022-03-18 15:51:50,141 INFO [restartedMain] o.s.s.w.DefaultSecurityFilterChain [DefaultSecurityFilterChain.java:43] Creating filter chain: any request, [org.springframework.security.web.context.request.async.WebAsyncManagerIntegrationFilter@7be99552, org.springframework.security.web.context.SecurityContextPersistenceFilter@51874bbf, org.springframework.security.web.header.HeaderWriterFilter@f99a0b2, org.springframework.security.web.authentication.logout.LogoutFilter@7c191f7, org.springframework.security.web.savedrequest.RequestCacheAwareFilter@43c93523, org.springframework.security.web.servletapi.SecurityContextHolderAwareRequestFilter@6b69d6ec, org.springframework.security.web.authentication.AnonymousAuthenticationFilter@448fefc2, org.springframework.security.web.session.SessionManagementFilter@313e2ce6, org.springframework.security.web.access.ExceptionTranslationFilter@28d66087, org.springframework.security.web.access.intercept.FilterSecurityInterceptor@4e8930fd]
2022-03-18 15:51:50,347 INFO [restartedMain] o.a.k.c.c.ConsumerConfig [AbstractConfig.java:279] ConsumerConfig values: 
	auto.commit.interval.ms = 3000
	auto.offset.reset = latest
	bootstrap.servers = [localhost:9092]
	check.crcs = true
	client.id = 
	connections.max.idle.ms = 540000
	default.api.timeout.ms = 60000
	enable.auto.commit = true
	exclude.internal.topics = true
	fetch.max.bytes = 52428800
	fetch.max.wait.ms = 500
	fetch.min.bytes = 1
	group.id = community-consumer-group
	heartbeat.interval.ms = 3000
	interceptor.classes = []
	internal.leave.group.on.close = true
	isolation.level = read_uncommitted
	key.deserializer = class org.apache.kafka.common.serialization.StringDeserializer
	max.partition.fetch.bytes = 1048576
	max.poll.interval.ms = 300000
	max.poll.records = 500
	metadata.max.age.ms = 300000
	metric.reporters = []
	metrics.num.samples = 2
	metrics.recording.level = INFO
	metrics.sample.window.ms = 30000
	partition.assignment.strategy = [class org.apache.kafka.clients.consumer.RangeAssignor]
	receive.buffer.bytes = 65536
	reconnect.backoff.max.ms = 1000
	reconnect.backoff.ms = 50
	request.timeout.ms = 30000
	retry.backoff.ms = 100
	sasl.client.callback.handler.class = null
	sasl.jaas.config = null
	sasl.kerberos.kinit.cmd = /usr/bin/kinit
	sasl.kerberos.min.time.before.relogin = 60000
	sasl.kerberos.service.name = null
	sasl.kerberos.ticket.renew.jitter = 0.05
	sasl.kerberos.ticket.renew.window.factor = 0.8
	sasl.login.callback.handler.class = null
	sasl.login.class = null
	sasl.login.refresh.buffer.seconds = 300
	sasl.login.refresh.min.period.seconds = 60
	sasl.login.refresh.window.factor = 0.8
	sasl.login.refresh.window.jitter = 0.05
	sasl.mechanism = GSSAPI
	security.protocol = PLAINTEXT
	send.buffer.bytes = 131072
	session.timeout.ms = 10000
	ssl.cipher.suites = null
	ssl.enabled.protocols = [TLSv1.2, TLSv1.1, TLSv1]
	ssl.endpoint.identification.algorithm = https
	ssl.key.password = null
	ssl.keymanager.algorithm = SunX509
	ssl.keystore.location = null
	ssl.keystore.password = null
	ssl.keystore.type = JKS
	ssl.protocol = TLS
	ssl.provider = null
	ssl.secure.random.implementation = null
	ssl.trustmanager.algorithm = PKIX
	ssl.truststore.location = null
	ssl.truststore.password = null
	ssl.truststore.type = JKS
	value.deserializer = class org.apache.kafka.common.serialization.StringDeserializer

2022-03-18 15:51:50,426 INFO [restartedMain] o.a.k.c.u.AppInfoParser [AppInfoParser.java:109] Kafka version : 2.0.1
2022-03-18 15:51:50,426 INFO [restartedMain] o.a.k.c.u.AppInfoParser [AppInfoParser.java:110] Kafka commitId : fa14705e51bd2ce5
2022-03-18 15:52:50,626 INFO [restartedMain] o.s.s.q.SchedulerFactoryBean [SchedulerFactoryBean.java:844] Shutting down Quartz Scheduler
2022-03-18 15:52:50,627 INFO [restartedMain] o.q.c.QuartzScheduler [QuartzScheduler.java:666] Scheduler quartzScheduler_$_NON_CLUSTERED shutting down.
2022-03-18 15:52:50,627 INFO [restartedMain] o.q.c.QuartzScheduler [QuartzScheduler.java:585] Scheduler quartzScheduler_$_NON_CLUSTERED paused.
2022-03-18 15:52:50,628 INFO [restartedMain] o.q.c.QuartzScheduler [QuartzScheduler.java:740] Scheduler quartzScheduler_$_NON_CLUSTERED shutdown complete.
2022-03-18 15:52:50,631 INFO [restartedMain] o.s.s.c.ThreadPoolTaskExecutor [ExecutorConfigurationSupport.java:208] Shutting down ExecutorService 'applicationTaskExecutor'
2022-03-18 15:52:50,632 INFO [restartedMain] o.s.s.c.ThreadPoolTaskScheduler [ExecutorConfigurationSupport.java:208] Shutting down ExecutorService 'taskScheduler'
2022-03-18 15:52:50,662 INFO [restartedMain] c.z.h.HikariDataSource [HikariDataSource.java:350] HikariPool-1 - Shutdown initiated...
2022-03-18 15:52:50,673 INFO [restartedMain] c.z.h.HikariDataSource [HikariDataSource.java:352] HikariPool-1 - Shutdown completed.
2022-03-18 15:52:50,678 INFO [restartedMain] o.a.c.c.StandardService [DirectJDKLog.java:173] Stopping service [Tomcat]
2022-03-18 15:52:50,695 INFO [restartedMain] o.s.b.a.l.ConditionEvaluationReportLoggingListener [ConditionEvaluationReportLoggingListener.java:142] 

Error starting ApplicationContext. To display the conditions report re-run your application with 'debug' enabled.
2022-03-18 15:53:04,367 INFO [restartedMain] c.n.c.CommunityApplication [StartupInfoLogger.java:50] Starting CommunityApplication on DESKTOP-L6FIG1T with PID 588 (C:\Users\syl17\Desktop\Learning\community\target\classes started by syl17 in C:\Users\syl17\Desktop\Learning\community)
2022-03-18 15:53:04,373 INFO [restartedMain] c.n.c.CommunityApplication [SpringApplication.java:675] No active profile set, falling back to default profiles: default
2022-03-18 15:53:04,474 INFO [restartedMain] o.s.b.d.e.DevToolsPropertyDefaultsPostProcessor [DeferredLog.java:227] Devtools property defaults active! Set 'spring.devtools.add-properties' to 'false' to disable
2022-03-18 15:53:04,475 INFO [restartedMain] o.s.b.d.e.DevToolsPropertyDefaultsPostProcessor [DeferredLog.java:227] For additional web related logging consider setting the 'logging.level.web' property to 'DEBUG'
2022-03-18 15:53:05,672 INFO [restartedMain] o.s.d.r.c.RepositoryConfigurationDelegate [RepositoryConfigurationDelegate.java:244] Multiple Spring Data modules found, entering strict repository configuration mode!
2022-03-18 15:53:05,674 INFO [restartedMain] o.s.d.r.c.RepositoryConfigurationDelegate [RepositoryConfigurationDelegate.java:126] Bootstrapping Spring Data repositories in DEFAULT mode.
2022-03-18 15:53:05,751 INFO [restartedMain] o.s.d.r.c.RepositoryConfigurationDelegate [RepositoryConfigurationDelegate.java:182] Finished Spring Data repository scanning in 72ms. Found 1 repository interfaces.
2022-03-18 15:53:05,763 INFO [restartedMain] o.s.d.r.c.RepositoryConfigurationDelegate [RepositoryConfigurationDelegate.java:244] Multiple Spring Data modules found, entering strict repository configuration mode!
2022-03-18 15:53:05,765 INFO [restartedMain] o.s.d.r.c.RepositoryConfigurationDelegate [RepositoryConfigurationDelegate.java:126] Bootstrapping Spring Data repositories in DEFAULT mode.
2022-03-18 15:53:05,790 INFO [restartedMain] o.s.d.r.c.RepositoryConfigurationExtensionSupport [RepositoryConfigurationExtensionSupport.java:363] Spring Data Redis - Could not safely identify store assignment for repository candidate interface com.nowcoder.community.dao.elasticsearch.DiscussPostRepository.
2022-03-18 15:53:05,790 INFO [restartedMain] o.s.d.r.c.RepositoryConfigurationDelegate [RepositoryConfigurationDelegate.java:182] Finished Spring Data repository scanning in 14ms. Found 0 repository interfaces.
2022-03-18 15:53:06,271 INFO [restartedMain] o.s.c.s.PostProcessorRegistrationDelegate$BeanPostProcessorChecker [PostProcessorRegistrationDelegate.java:330] Bean 'org.springframework.kafka.annotation.KafkaBootstrapConfiguration' of type [org.springframework.kafka.annotation.KafkaBootstrapConfiguration$$EnhancerBySpringCGLIB$$63ec51b7] is not eligible for getting processed by all BeanPostProcessors (for example: not eligible for auto-proxying)
2022-03-18 15:53:06,324 INFO [restartedMain] o.s.c.s.PostProcessorRegistrationDelegate$BeanPostProcessorChecker [PostProcessorRegistrationDelegate.java:330] Bean 'org.springframework.transaction.annotation.ProxyTransactionManagementConfiguration' of type [org.springframework.transaction.annotation.ProxyTransactionManagementConfiguration$$EnhancerBySpringCGLIB$$903a4034] is not eligible for getting processed by all BeanPostProcessors (for example: not eligible for auto-proxying)
2022-03-18 15:53:06,896 INFO [restartedMain] o.s.b.w.e.t.TomcatWebServer [TomcatWebServer.java:90] Tomcat initialized with port(s): 8080 (http)
2022-03-18 15:53:06,911 INFO [restartedMain] o.a.c.h.Http11NioProtocol [DirectJDKLog.java:173] Initializing ProtocolHandler ["http-nio-8080"]
2022-03-18 15:53:06,919 INFO [restartedMain] o.a.c.c.StandardService [DirectJDKLog.java:173] Starting service [Tomcat]
2022-03-18 15:53:06,920 INFO [restartedMain] o.a.c.c.StandardEngine [DirectJDKLog.java:173] Starting Servlet engine: [Apache Tomcat/9.0.19]
2022-03-18 15:53:07,044 INFO [restartedMain] o.a.c.c.C.[.[.[/community] [DirectJDKLog.java:173] Initializing Spring embedded WebApplicationContext
2022-03-18 15:53:07,044 INFO [restartedMain] o.s.w.c.ContextLoader [ServletWebServerApplicationContext.java:296] Root WebApplicationContext: initialization completed in 2569 ms
2022-03-18 15:53:09,310 INFO [restartedMain] o.e.p.PluginsService [PluginsService.java:190] no modules loaded
2022-03-18 15:53:09,312 INFO [restartedMain] o.e.p.PluginsService [PluginsService.java:193] loaded plugin [org.elasticsearch.index.reindex.ReindexPlugin]
2022-03-18 15:53:09,312 INFO [restartedMain] o.e.p.PluginsService [PluginsService.java:193] loaded plugin [org.elasticsearch.join.ParentJoinPlugin]
2022-03-18 15:53:09,313 INFO [restartedMain] o.e.p.PluginsService [PluginsService.java:193] loaded plugin [org.elasticsearch.percolator.PercolatorPlugin]
2022-03-18 15:53:09,313 INFO [restartedMain] o.e.p.PluginsService [PluginsService.java:193] loaded plugin [org.elasticsearch.script.mustache.MustachePlugin]
2022-03-18 15:53:09,313 INFO [restartedMain] o.e.p.PluginsService [PluginsService.java:193] loaded plugin [org.elasticsearch.transport.Netty4Plugin]
2022-03-18 15:53:12,894 INFO [restartedMain] o.s.d.e.c.TransportClientFactoryBean [TransportClientFactoryBean.java:88] Adding transport node : 127.0.0.1:9300
2022-03-18 15:53:17,434 INFO [restartedMain] o.s.b.d.a.OptionalLiveReloadServer [OptionalLiveReloadServer.java:57] LiveReload server is running on port 35729
2022-03-18 15:53:18,274 INFO [restartedMain] o.s.s.c.ThreadPoolTaskScheduler [ExecutorConfigurationSupport.java:171] Initializing ExecutorService 'taskScheduler'
2022-03-18 15:53:18,767 INFO [restartedMain] o.s.s.c.ThreadPoolTaskExecutor [ExecutorConfigurationSupport.java:171] Initializing ExecutorService 'applicationTaskExecutor'
2022-03-18 15:53:18,947 INFO [restartedMain] o.s.b.a.w.s.WelcomePageHandlerMapping [WelcomePageHandlerMapping.java:61] Adding welcome page template: index
2022-03-18 15:53:19,502 INFO [restartedMain] c.z.h.HikariDataSource [HikariDataSource.java:110] HikariPool-1 - Starting...
2022-03-18 15:53:19,634 INFO [restartedMain] c.z.h.HikariDataSource [HikariDataSource.java:123] HikariPool-1 - Start completed.
2022-03-18 15:53:19,715 INFO [restartedMain] o.q.i.StdSchedulerFactory [StdSchedulerFactory.java:1208] Using default implementation for ThreadExecutor
2022-03-18 15:53:19,730 INFO [restartedMain] o.q.c.SchedulerSignalerImpl [SchedulerSignalerImpl.java:61] Initialized Scheduler Signaller of type: class org.quartz.core.SchedulerSignalerImpl
2022-03-18 15:53:19,731 INFO [restartedMain] o.q.c.QuartzScheduler [QuartzScheduler.java:229] Quartz Scheduler v.2.3.1 created.
2022-03-18 15:53:19,733 INFO [restartedMain] o.q.s.RAMJobStore [RAMJobStore.java:155] RAMJobStore initialized.
2022-03-18 15:53:19,734 INFO [restartedMain] o.q.c.QuartzScheduler [QuartzScheduler.java:294] Scheduler meta-data: Quartz Scheduler (v2.3.1) 'quartzScheduler' with instanceId 'NON_CLUSTERED'
  Scheduler class: 'org.quartz.core.QuartzScheduler' - running locally.
  NOT STARTED.
  Currently in standby mode.
  Number of jobs executed: 0
  Using thread pool 'org.quartz.simpl.SimpleThreadPool' - with 10 threads.
  Using job-store 'org.quartz.simpl.RAMJobStore' - which does not support persistence. and is not clustered.

2022-03-18 15:53:19,735 INFO [restartedMain] o.q.i.StdSchedulerFactory [StdSchedulerFactory.java:1362] Quartz scheduler 'quartzScheduler' initialized from an externally provided properties instance.
2022-03-18 15:53:19,735 INFO [restartedMain] o.q.i.StdSchedulerFactory [StdSchedulerFactory.java:1366] Quartz scheduler version: 2.3.1
2022-03-18 15:53:19,736 INFO [restartedMain] o.q.c.QuartzScheduler [QuartzScheduler.java:2293] JobFactory set to: org.springframework.scheduling.quartz.SpringBeanJobFactory@17b1fdee
2022-03-18 15:53:19,867 INFO [restartedMain] o.s.b.a.s.s.UserDetailsServiceAutoConfiguration [UserDetailsServiceAutoConfiguration.java:87] 

Using generated security password: f210bbc7-e2f4-4143-87b7-e9794a4be1b1

2022-03-18 15:53:19,975 INFO [restartedMain] o.s.s.w.DefaultSecurityFilterChain [DefaultSecurityFilterChain.java:43] Creating filter chain: Ant [pattern='/resources/**'], []
2022-03-18 15:53:20,074 INFO [restartedMain] o.s.s.w.DefaultSecurityFilterChain [DefaultSecurityFilterChain.java:43] Creating filter chain: any request, [org.springframework.security.web.context.request.async.WebAsyncManagerIntegrationFilter@354a2c1f, org.springframework.security.web.context.SecurityContextPersistenceFilter@55c44e10, org.springframework.security.web.header.HeaderWriterFilter@1859c863, org.springframework.security.web.authentication.logout.LogoutFilter@28874cbc, org.springframework.security.web.savedrequest.RequestCacheAwareFilter@5c7b4912, org.springframework.security.web.servletapi.SecurityContextHolderAwareRequestFilter@1bd46ccb, org.springframework.security.web.authentication.AnonymousAuthenticationFilter@1a5c7838, org.springframework.security.web.session.SessionManagementFilter@50e27845, org.springframework.security.web.access.ExceptionTranslationFilter@438cd452, org.springframework.security.web.access.intercept.FilterSecurityInterceptor@5321ef60]
2022-03-18 15:53:20,276 INFO [restartedMain] o.a.k.c.c.ConsumerConfig [AbstractConfig.java:279] ConsumerConfig values: 
	auto.commit.interval.ms = 3000
	auto.offset.reset = latest
	bootstrap.servers = [localhost:9092]
	check.crcs = true
	client.id = 
	connections.max.idle.ms = 540000
	default.api.timeout.ms = 60000
	enable.auto.commit = true
	exclude.internal.topics = true
	fetch.max.bytes = 52428800
	fetch.max.wait.ms = 500
	fetch.min.bytes = 1
	group.id = community-consumer-group
	heartbeat.interval.ms = 3000
	interceptor.classes = []
	internal.leave.group.on.close = true
	isolation.level = read_uncommitted
	key.deserializer = class org.apache.kafka.common.serialization.StringDeserializer
	max.partition.fetch.bytes = 1048576
	max.poll.interval.ms = 300000
	max.poll.records = 500
	metadata.max.age.ms = 300000
	metric.reporters = []
	metrics.num.samples = 2
	metrics.recording.level = INFO
	metrics.sample.window.ms = 30000
	partition.assignment.strategy = [class org.apache.kafka.clients.consumer.RangeAssignor]
	receive.buffer.bytes = 65536
	reconnect.backoff.max.ms = 1000
	reconnect.backoff.ms = 50
	request.timeout.ms = 30000
	retry.backoff.ms = 100
	sasl.client.callback.handler.class = null
	sasl.jaas.config = null
	sasl.kerberos.kinit.cmd = /usr/bin/kinit
	sasl.kerberos.min.time.before.relogin = 60000
	sasl.kerberos.service.name = null
	sasl.kerberos.ticket.renew.jitter = 0.05
	sasl.kerberos.ticket.renew.window.factor = 0.8
	sasl.login.callback.handler.class = null
	sasl.login.class = null
	sasl.login.refresh.buffer.seconds = 300
	sasl.login.refresh.min.period.seconds = 60
	sasl.login.refresh.window.factor = 0.8
	sasl.login.refresh.window.jitter = 0.05
	sasl.mechanism = GSSAPI
	security.protocol = PLAINTEXT
	send.buffer.bytes = 131072
	session.timeout.ms = 10000
	ssl.cipher.suites = null
	ssl.enabled.protocols = [TLSv1.2, TLSv1.1, TLSv1]
	ssl.endpoint.identification.algorithm = https
	ssl.key.password = null
	ssl.keymanager.algorithm = SunX509
	ssl.keystore.location = null
	ssl.keystore.password = null
	ssl.keystore.type = JKS
	ssl.protocol = TLS
	ssl.provider = null
	ssl.secure.random.implementation = null
	ssl.trustmanager.algorithm = PKIX
	ssl.truststore.location = null
	ssl.truststore.password = null
	ssl.truststore.type = JKS
	value.deserializer = class org.apache.kafka.common.serialization.StringDeserializer

2022-03-18 15:53:20,358 INFO [restartedMain] o.a.k.c.u.AppInfoParser [AppInfoParser.java:109] Kafka version : 2.0.1
2022-03-18 15:53:20,359 INFO [restartedMain] o.a.k.c.u.AppInfoParser [AppInfoParser.java:110] Kafka commitId : fa14705e51bd2ce5
2022-03-18 15:53:20,513 INFO [restartedMain] o.a.k.c.Metadata [Metadata.java:285] Cluster ID: 8FbkI8lESreMcmklmCB3dA
2022-03-18 15:53:20,575 INFO [restartedMain] o.a.k.c.c.ConsumerConfig [AbstractConfig.java:279] ConsumerConfig values: 
	auto.commit.interval.ms = 3000
	auto.offset.reset = latest
	bootstrap.servers = [localhost:9092]
	check.crcs = true
	client.id = 
	connections.max.idle.ms = 540000
	default.api.timeout.ms = 60000
	enable.auto.commit = true
	exclude.internal.topics = true
	fetch.max.bytes = 52428800
	fetch.max.wait.ms = 500
	fetch.min.bytes = 1
	group.id = community-consumer-group
	heartbeat.interval.ms = 3000
	interceptor.classes = []
	internal.leave.group.on.close = true
	isolation.level = read_uncommitted
	key.deserializer = class org.apache.kafka.common.serialization.StringDeserializer
	max.partition.fetch.bytes = 1048576
	max.poll.interval.ms = 300000
	max.poll.records = 500
	metadata.max.age.ms = 300000
	metric.reporters = []
	metrics.num.samples = 2
	metrics.recording.level = INFO
	metrics.sample.window.ms = 30000
	partition.assignment.strategy = [class org.apache.kafka.clients.consumer.RangeAssignor]
	receive.buffer.bytes = 65536
	reconnect.backoff.max.ms = 1000
	reconnect.backoff.ms = 50
	request.timeout.ms = 30000
	retry.backoff.ms = 100
	sasl.client.callback.handler.class = null
	sasl.jaas.config = null
	sasl.kerberos.kinit.cmd = /usr/bin/kinit
	sasl.kerberos.min.time.before.relogin = 60000
	sasl.kerberos.service.name = null
	sasl.kerberos.ticket.renew.jitter = 0.05
	sasl.kerberos.ticket.renew.window.factor = 0.8
	sasl.login.callback.handler.class = null
	sasl.login.class = null
	sasl.login.refresh.buffer.seconds = 300
	sasl.login.refresh.min.period.seconds = 60
	sasl.login.refresh.window.factor = 0.8
	sasl.login.refresh.window.jitter = 0.05
	sasl.mechanism = GSSAPI
	security.protocol = PLAINTEXT
	send.buffer.bytes = 131072
	session.timeout.ms = 10000
	ssl.cipher.suites = null
	ssl.enabled.protocols = [TLSv1.2, TLSv1.1, TLSv1]
	ssl.endpoint.identification.algorithm = https
	ssl.key.password = null
	ssl.keymanager.algorithm = SunX509
	ssl.keystore.location = null
	ssl.keystore.password = null
	ssl.keystore.type = JKS
	ssl.protocol = TLS
	ssl.provider = null
	ssl.secure.random.implementation = null
	ssl.trustmanager.algorithm = PKIX
	ssl.truststore.location = null
	ssl.truststore.password = null
	ssl.truststore.type = JKS
	value.deserializer = class org.apache.kafka.common.serialization.StringDeserializer

2022-03-18 15:53:20,590 INFO [restartedMain] o.a.k.c.u.AppInfoParser [AppInfoParser.java:109] Kafka version : 2.0.1
2022-03-18 15:53:20,590 INFO [restartedMain] o.a.k.c.u.AppInfoParser [AppInfoParser.java:110] Kafka commitId : fa14705e51bd2ce5
2022-03-18 15:53:20,595 INFO [restartedMain] o.s.s.c.ThreadPoolTaskScheduler [ExecutorConfigurationSupport.java:171] Initializing ExecutorService
2022-03-18 15:53:20,602 INFO [restartedMain] o.a.k.c.c.ConsumerConfig [AbstractConfig.java:279] ConsumerConfig values: 
	auto.commit.interval.ms = 3000
	auto.offset.reset = latest
	bootstrap.servers = [localhost:9092]
	check.crcs = true
	client.id = 
	connections.max.idle.ms = 540000
	default.api.timeout.ms = 60000
	enable.auto.commit = true
	exclude.internal.topics = true
	fetch.max.bytes = 52428800
	fetch.max.wait.ms = 500
	fetch.min.bytes = 1
	group.id = community-consumer-group
	heartbeat.interval.ms = 3000
	interceptor.classes = []
	internal.leave.group.on.close = true
	isolation.level = read_uncommitted
	key.deserializer = class org.apache.kafka.common.serialization.StringDeserializer
	max.partition.fetch.bytes = 1048576
	max.poll.interval.ms = 300000
	max.poll.records = 500
	metadata.max.age.ms = 300000
	metric.reporters = []
	metrics.num.samples = 2
	metrics.recording.level = INFO
	metrics.sample.window.ms = 30000
	partition.assignment.strategy = [class org.apache.kafka.clients.consumer.RangeAssignor]
	receive.buffer.bytes = 65536
	reconnect.backoff.max.ms = 1000
	reconnect.backoff.ms = 50
	request.timeout.ms = 30000
	retry.backoff.ms = 100
	sasl.client.callback.handler.class = null
	sasl.jaas.config = null
	sasl.kerberos.kinit.cmd = /usr/bin/kinit
	sasl.kerberos.min.time.before.relogin = 60000
	sasl.kerberos.service.name = null
	sasl.kerberos.ticket.renew.jitter = 0.05
	sasl.kerberos.ticket.renew.window.factor = 0.8
	sasl.login.callback.handler.class = null
	sasl.login.class = null
	sasl.login.refresh.buffer.seconds = 300
	sasl.login.refresh.min.period.seconds = 60
	sasl.login.refresh.window.factor = 0.8
	sasl.login.refresh.window.jitter = 0.05
	sasl.mechanism = GSSAPI
	security.protocol = PLAINTEXT
	send.buffer.bytes = 131072
	session.timeout.ms = 10000
	ssl.cipher.suites = null
	ssl.enabled.protocols = [TLSv1.2, TLSv1.1, TLSv1]
	ssl.endpoint.identification.algorithm = https
	ssl.key.password = null
	ssl.keymanager.algorithm = SunX509
	ssl.keystore.location = null
	ssl.keystore.password = null
	ssl.keystore.type = JKS
	ssl.protocol = TLS
	ssl.provider = null
	ssl.secure.random.implementation = null
	ssl.trustmanager.algorithm = PKIX
	ssl.truststore.location = null
	ssl.truststore.password = null
	ssl.truststore.type = JKS
	value.deserializer = class org.apache.kafka.common.serialization.StringDeserializer

2022-03-18 15:53:20,617 INFO [restartedMain] o.a.k.c.u.AppInfoParser [AppInfoParser.java:109] Kafka version : 2.0.1
2022-03-18 15:53:20,617 INFO [restartedMain] o.a.k.c.u.AppInfoParser [AppInfoParser.java:110] Kafka commitId : fa14705e51bd2ce5
2022-03-18 15:53:20,651 INFO [restartedMain] o.a.k.c.Metadata [Metadata.java:285] Cluster ID: 8FbkI8lESreMcmklmCB3dA
2022-03-18 15:53:20,656 INFO [org.springframework.kafka.KafkaListenerEndpointContainer#2-0-C-1] o.a.k.c.Metadata [Metadata.java:285] Cluster ID: 8FbkI8lESreMcmklmCB3dA
2022-03-18 15:53:20,659 INFO [restartedMain] o.a.k.c.c.ConsumerConfig [AbstractConfig.java:279] ConsumerConfig values: 
	auto.commit.interval.ms = 3000
	auto.offset.reset = latest
	bootstrap.servers = [localhost:9092]
	check.crcs = true
	client.id = 
	connections.max.idle.ms = 540000
	default.api.timeout.ms = 60000
	enable.auto.commit = true
	exclude.internal.topics = true
	fetch.max.bytes = 52428800
	fetch.max.wait.ms = 500
	fetch.min.bytes = 1
	group.id = community-consumer-group
	heartbeat.interval.ms = 3000
	interceptor.classes = []
	internal.leave.group.on.close = true
	isolation.level = read_uncommitted
	key.deserializer = class org.apache.kafka.common.serialization.StringDeserializer
	max.partition.fetch.bytes = 1048576
	max.poll.interval.ms = 300000
	max.poll.records = 500
	metadata.max.age.ms = 300000
	metric.reporters = []
	metrics.num.samples = 2
	metrics.recording.level = INFO
	metrics.sample.window.ms = 30000
	partition.assignment.strategy = [class org.apache.kafka.clients.consumer.RangeAssignor]
	receive.buffer.bytes = 65536
	reconnect.backoff.max.ms = 1000
	reconnect.backoff.ms = 50
	request.timeout.ms = 30000
	retry.backoff.ms = 100
	sasl.client.callback.handler.class = null
	sasl.jaas.config = null
	sasl.kerberos.kinit.cmd = /usr/bin/kinit
	sasl.kerberos.min.time.before.relogin = 60000
	sasl.kerberos.service.name = null
	sasl.kerberos.ticket.renew.jitter = 0.05
	sasl.kerberos.ticket.renew.window.factor = 0.8
	sasl.login.callback.handler.class = null
	sasl.login.class = null
	sasl.login.refresh.buffer.seconds = 300
	sasl.login.refresh.min.period.seconds = 60
	sasl.login.refresh.window.factor = 0.8
	sasl.login.refresh.window.jitter = 0.05
	sasl.mechanism = GSSAPI
	security.protocol = PLAINTEXT
	send.buffer.bytes = 131072
	session.timeout.ms = 10000
	ssl.cipher.suites = null
	ssl.enabled.protocols = [TLSv1.2, TLSv1.1, TLSv1]
	ssl.endpoint.identification.algorithm = https
	ssl.key.password = null
	ssl.keymanager.algorithm = SunX509
	ssl.keystore.location = null
	ssl.keystore.password = null
	ssl.keystore.type = JKS
	ssl.protocol = TLS
	ssl.provider = null
	ssl.secure.random.implementation = null
	ssl.trustmanager.algorithm = PKIX
	ssl.truststore.location = null
	ssl.truststore.password = null
	ssl.truststore.type = JKS
	value.deserializer = class org.apache.kafka.common.serialization.StringDeserializer

2022-03-18 15:53:20,665 INFO [restartedMain] o.a.k.c.u.AppInfoParser [AppInfoParser.java:109] Kafka version : 2.0.1
2022-03-18 15:53:20,665 INFO [restartedMain] o.a.k.c.u.AppInfoParser [AppInfoParser.java:110] Kafka commitId : fa14705e51bd2ce5
2022-03-18 15:53:20,666 INFO [restartedMain] o.s.s.c.ThreadPoolTaskScheduler [ExecutorConfigurationSupport.java:171] Initializing ExecutorService
2022-03-18 15:53:20,667 INFO [restartedMain] o.a.k.c.c.ConsumerConfig [AbstractConfig.java:279] ConsumerConfig values: 
	auto.commit.interval.ms = 3000
	auto.offset.reset = latest
	bootstrap.servers = [localhost:9092]
	check.crcs = true
	client.id = 
	connections.max.idle.ms = 540000
	default.api.timeout.ms = 60000
	enable.auto.commit = true
	exclude.internal.topics = true
	fetch.max.bytes = 52428800
	fetch.max.wait.ms = 500
	fetch.min.bytes = 1
	group.id = community-consumer-group
	heartbeat.interval.ms = 3000
	interceptor.classes = []
	internal.leave.group.on.close = true
	isolation.level = read_uncommitted
	key.deserializer = class org.apache.kafka.common.serialization.StringDeserializer
	max.partition.fetch.bytes = 1048576
	max.poll.interval.ms = 300000
	max.poll.records = 500
	metadata.max.age.ms = 300000
	metric.reporters = []
	metrics.num.samples = 2
	metrics.recording.level = INFO
	metrics.sample.window.ms = 30000
	partition.assignment.strategy = [class org.apache.kafka.clients.consumer.RangeAssignor]
	receive.buffer.bytes = 65536
	reconnect.backoff.max.ms = 1000
	reconnect.backoff.ms = 50
	request.timeout.ms = 30000
	retry.backoff.ms = 100
	sasl.client.callback.handler.class = null
	sasl.jaas.config = null
	sasl.kerberos.kinit.cmd = /usr/bin/kinit
	sasl.kerberos.min.time.before.relogin = 60000
	sasl.kerberos.service.name = null
	sasl.kerberos.ticket.renew.jitter = 0.05
	sasl.kerberos.ticket.renew.window.factor = 0.8
	sasl.login.callback.handler.class = null
	sasl.login.class = null
	sasl.login.refresh.buffer.seconds = 300
	sasl.login.refresh.min.period.seconds = 60
	sasl.login.refresh.window.factor = 0.8
	sasl.login.refresh.window.jitter = 0.05
	sasl.mechanism = GSSAPI
	security.protocol = PLAINTEXT
	send.buffer.bytes = 131072
	session.timeout.ms = 10000
	ssl.cipher.suites = null
	ssl.enabled.protocols = [TLSv1.2, TLSv1.1, TLSv1]
	ssl.endpoint.identification.algorithm = https
	ssl.key.password = null
	ssl.keymanager.algorithm = SunX509
	ssl.keystore.location = null
	ssl.keystore.password = null
	ssl.keystore.type = JKS
	ssl.protocol = TLS
	ssl.provider = null
	ssl.secure.random.implementation = null
	ssl.trustmanager.algorithm = PKIX
	ssl.truststore.location = null
	ssl.truststore.password = null
	ssl.truststore.type = JKS
	value.deserializer = class org.apache.kafka.common.serialization.StringDeserializer

2022-03-18 15:53:20,673 INFO [restartedMain] o.a.k.c.u.AppInfoParser [AppInfoParser.java:109] Kafka version : 2.0.1
2022-03-18 15:53:20,673 INFO [restartedMain] o.a.k.c.u.AppInfoParser [AppInfoParser.java:110] Kafka commitId : fa14705e51bd2ce5
2022-03-18 15:53:20,681 INFO [restartedMain] o.a.k.c.Metadata [Metadata.java:285] Cluster ID: 8FbkI8lESreMcmklmCB3dA
2022-03-18 15:53:20,688 INFO [org.springframework.kafka.KafkaListenerEndpointContainer#2-0-C-1] o.a.k.c.c.i.AbstractCoordinator [AbstractCoordinator.java:677] [Consumer clientId=consumer-2, groupId=community-consumer-group] Discovered group coordinator DESKTOP-L6FIG1T:9092 (id: 2147483647 rack: null)
2022-03-18 15:53:20,698 INFO [org.springframework.kafka.KafkaListenerEndpointContainer#2-0-C-1] o.a.k.c.c.i.ConsumerCoordinator [ConsumerCoordinator.java:472] [Consumer clientId=consumer-2, groupId=community-consumer-group] Revoking previously assigned partitions []
2022-03-18 15:53:20,700 INFO [org.springframework.kafka.KafkaListenerEndpointContainer#2-0-C-1] o.s.k.l.KafkaMessageListenerContainer [AbstractMessageListenerContainer.java:375] partitions revoked: []
2022-03-18 15:53:20,700 INFO [restartedMain] o.a.k.c.c.ConsumerConfig [AbstractConfig.java:279] ConsumerConfig values: 
	auto.commit.interval.ms = 3000
	auto.offset.reset = latest
	bootstrap.servers = [localhost:9092]
	check.crcs = true
	client.id = 
	connections.max.idle.ms = 540000
	default.api.timeout.ms = 60000
	enable.auto.commit = true
	exclude.internal.topics = true
	fetch.max.bytes = 52428800
	fetch.max.wait.ms = 500
	fetch.min.bytes = 1
	group.id = community-consumer-group
	heartbeat.interval.ms = 3000
	interceptor.classes = []
	internal.leave.group.on.close = true
	isolation.level = read_uncommitted
	key.deserializer = class org.apache.kafka.common.serialization.StringDeserializer
	max.partition.fetch.bytes = 1048576
	max.poll.interval.ms = 300000
	max.poll.records = 500
	metadata.max.age.ms = 300000
	metric.reporters = []
	metrics.num.samples = 2
	metrics.recording.level = INFO
	metrics.sample.window.ms = 30000
	partition.assignment.strategy = [class org.apache.kafka.clients.consumer.RangeAssignor]
	receive.buffer.bytes = 65536
	reconnect.backoff.max.ms = 1000
	reconnect.backoff.ms = 50
	request.timeout.ms = 30000
	retry.backoff.ms = 100
	sasl.client.callback.handler.class = null
	sasl.jaas.config = null
	sasl.kerberos.kinit.cmd = /usr/bin/kinit
	sasl.kerberos.min.time.before.relogin = 60000
	sasl.kerberos.service.name = null
	sasl.kerberos.ticket.renew.jitter = 0.05
	sasl.kerberos.ticket.renew.window.factor = 0.8
	sasl.login.callback.handler.class = null
	sasl.login.class = null
	sasl.login.refresh.buffer.seconds = 300
	sasl.login.refresh.min.period.seconds = 60
	sasl.login.refresh.window.factor = 0.8
	sasl.login.refresh.window.jitter = 0.05
	sasl.mechanism = GSSAPI
	security.protocol = PLAINTEXT
	send.buffer.bytes = 131072
	session.timeout.ms = 10000
	ssl.cipher.suites = null
	ssl.enabled.protocols = [TLSv1.2, TLSv1.1, TLSv1]
	ssl.endpoint.identification.algorithm = https
	ssl.key.password = null
	ssl.keymanager.algorithm = SunX509
	ssl.keystore.location = null
	ssl.keystore.password = null
	ssl.keystore.type = JKS
	ssl.protocol = TLS
	ssl.provider = null
	ssl.secure.random.implementation = null
	ssl.trustmanager.algorithm = PKIX
	ssl.truststore.location = null
	ssl.truststore.password = null
	ssl.truststore.type = JKS
	value.deserializer = class org.apache.kafka.common.serialization.StringDeserializer

2022-03-18 15:53:20,700 INFO [org.springframework.kafka.KafkaListenerEndpointContainer#2-0-C-1] o.a.k.c.c.i.AbstractCoordinator [AbstractCoordinator.java:509] [Consumer clientId=consumer-2, groupId=community-consumer-group] (Re-)joining group
2022-03-18 15:53:20,775 INFO [restartedMain] o.a.k.c.u.AppInfoParser [AppInfoParser.java:109] Kafka version : 2.0.1
2022-03-18 15:53:20,776 INFO [restartedMain] o.a.k.c.u.AppInfoParser [AppInfoParser.java:110] Kafka commitId : fa14705e51bd2ce5
2022-03-18 15:53:20,777 INFO [restartedMain] o.s.s.c.ThreadPoolTaskScheduler [ExecutorConfigurationSupport.java:171] Initializing ExecutorService
2022-03-18 15:53:20,779 INFO [restartedMain] o.a.k.c.c.ConsumerConfig [AbstractConfig.java:279] ConsumerConfig values: 
	auto.commit.interval.ms = 3000
	auto.offset.reset = latest
	bootstrap.servers = [localhost:9092]
	check.crcs = true
	client.id = 
	connections.max.idle.ms = 540000
	default.api.timeout.ms = 60000
	enable.auto.commit = true
	exclude.internal.topics = true
	fetch.max.bytes = 52428800
	fetch.max.wait.ms = 500
	fetch.min.bytes = 1
	group.id = community-consumer-group
	heartbeat.interval.ms = 3000
	interceptor.classes = []
	internal.leave.group.on.close = true
	isolation.level = read_uncommitted
	key.deserializer = class org.apache.kafka.common.serialization.StringDeserializer
	max.partition.fetch.bytes = 1048576
	max.poll.interval.ms = 300000
	max.poll.records = 500
	metadata.max.age.ms = 300000
	metric.reporters = []
	metrics.num.samples = 2
	metrics.recording.level = INFO
	metrics.sample.window.ms = 30000
	partition.assignment.strategy = [class org.apache.kafka.clients.consumer.RangeAssignor]
	receive.buffer.bytes = 65536
	reconnect.backoff.max.ms = 1000
	reconnect.backoff.ms = 50
	request.timeout.ms = 30000
	retry.backoff.ms = 100
	sasl.client.callback.handler.class = null
	sasl.jaas.config = null
	sasl.kerberos.kinit.cmd = /usr/bin/kinit
	sasl.kerberos.min.time.before.relogin = 60000
	sasl.kerberos.service.name = null
	sasl.kerberos.ticket.renew.jitter = 0.05
	sasl.kerberos.ticket.renew.window.factor = 0.8
	sasl.login.callback.handler.class = null
	sasl.login.class = null
	sasl.login.refresh.buffer.seconds = 300
	sasl.login.refresh.min.period.seconds = 60
	sasl.login.refresh.window.factor = 0.8
	sasl.login.refresh.window.jitter = 0.05
	sasl.mechanism = GSSAPI
	security.protocol = PLAINTEXT
	send.buffer.bytes = 131072
	session.timeout.ms = 10000
	ssl.cipher.suites = null
	ssl.enabled.protocols = [TLSv1.2, TLSv1.1, TLSv1]
	ssl.endpoint.identification.algorithm = https
	ssl.key.password = null
	ssl.keymanager.algorithm = SunX509
	ssl.keystore.location = null
	ssl.keystore.password = null
	ssl.keystore.type = JKS
	ssl.protocol = TLS
	ssl.provider = null
	ssl.secure.random.implementation = null
	ssl.trustmanager.algorithm = PKIX
	ssl.truststore.location = null
	ssl.truststore.password = null
	ssl.truststore.type = JKS
	value.deserializer = class org.apache.kafka.common.serialization.StringDeserializer

2022-03-18 15:53:20,788 INFO [restartedMain] o.a.k.c.u.AppInfoParser [AppInfoParser.java:109] Kafka version : 2.0.1
2022-03-18 15:53:20,789 INFO [restartedMain] o.a.k.c.u.AppInfoParser [AppInfoParser.java:110] Kafka commitId : fa14705e51bd2ce5
2022-03-18 15:53:20,842 INFO [restartedMain] o.a.k.c.Metadata [Metadata.java:285] Cluster ID: 8FbkI8lESreMcmklmCB3dA
2022-03-18 15:53:20,850 INFO [restartedMain] o.a.k.c.c.ConsumerConfig [AbstractConfig.java:279] ConsumerConfig values: 
	auto.commit.interval.ms = 3000
	auto.offset.reset = latest
	bootstrap.servers = [localhost:9092]
	check.crcs = true
	client.id = 
	connections.max.idle.ms = 540000
	default.api.timeout.ms = 60000
	enable.auto.commit = true
	exclude.internal.topics = true
	fetch.max.bytes = 52428800
	fetch.max.wait.ms = 500
	fetch.min.bytes = 1
	group.id = community-consumer-group
	heartbeat.interval.ms = 3000
	interceptor.classes = []
	internal.leave.group.on.close = true
	isolation.level = read_uncommitted
	key.deserializer = class org.apache.kafka.common.serialization.StringDeserializer
	max.partition.fetch.bytes = 1048576
	max.poll.interval.ms = 300000
	max.poll.records = 500
	metadata.max.age.ms = 300000
	metric.reporters = []
	metrics.num.samples = 2
	metrics.recording.level = INFO
	metrics.sample.window.ms = 30000
	partition.assignment.strategy = [class org.apache.kafka.clients.consumer.RangeAssignor]
	receive.buffer.bytes = 65536
	reconnect.backoff.max.ms = 1000
	reconnect.backoff.ms = 50
	request.timeout.ms = 30000
	retry.backoff.ms = 100
	sasl.client.callback.handler.class = null
	sasl.jaas.config = null
	sasl.kerberos.kinit.cmd = /usr/bin/kinit
	sasl.kerberos.min.time.before.relogin = 60000
	sasl.kerberos.service.name = null
	sasl.kerberos.ticket.renew.jitter = 0.05
	sasl.kerberos.ticket.renew.window.factor = 0.8
	sasl.login.callback.handler.class = null
	sasl.login.class = null
	sasl.login.refresh.buffer.seconds = 300
	sasl.login.refresh.min.period.seconds = 60
	sasl.login.refresh.window.factor = 0.8
	sasl.login.refresh.window.jitter = 0.05
	sasl.mechanism = GSSAPI
	security.protocol = PLAINTEXT
	send.buffer.bytes = 131072
	session.timeout.ms = 10000
	ssl.cipher.suites = null
	ssl.enabled.protocols = [TLSv1.2, TLSv1.1, TLSv1]
	ssl.endpoint.identification.algorithm = https
	ssl.key.password = null
	ssl.keymanager.algorithm = SunX509
	ssl.keystore.location = null
	ssl.keystore.password = null
	ssl.keystore.type = JKS
	ssl.protocol = TLS
	ssl.provider = null
	ssl.secure.random.implementation = null
	ssl.trustmanager.algorithm = PKIX
	ssl.truststore.location = null
	ssl.truststore.password = null
	ssl.truststore.type = JKS
	value.deserializer = class org.apache.kafka.common.serialization.StringDeserializer

2022-03-18 15:53:20,855 INFO [restartedMain] o.a.k.c.u.AppInfoParser [AppInfoParser.java:109] Kafka version : 2.0.1
2022-03-18 15:53:20,856 INFO [restartedMain] o.a.k.c.u.AppInfoParser [AppInfoParser.java:110] Kafka commitId : fa14705e51bd2ce5
2022-03-18 15:53:20,856 INFO [restartedMain] o.s.s.c.ThreadPoolTaskScheduler [ExecutorConfigurationSupport.java:171] Initializing ExecutorService
2022-03-18 15:53:20,857 INFO [restartedMain] o.s.s.q.SchedulerFactoryBean [SchedulerFactoryBean.java:726] Starting Quartz Scheduler now
2022-03-18 15:53:20,858 INFO [restartedMain] o.q.c.QuartzScheduler [QuartzScheduler.java:547] Scheduler quartzScheduler_$_NON_CLUSTERED started.
2022-03-18 15:53:20,897 INFO [restartedMain] o.a.c.h.Http11NioProtocol [DirectJDKLog.java:173] Starting ProtocolHandler ["http-nio-8080"]
2022-03-18 15:53:20,909 INFO [org.springframework.kafka.KafkaListenerEndpointContainer#3-0-C-1] o.a.k.c.Metadata [Metadata.java:285] Cluster ID: 8FbkI8lESreMcmklmCB3dA
2022-03-18 15:53:20,920 INFO [org.springframework.kafka.KafkaListenerEndpointContainer#3-0-C-1] o.a.k.c.c.i.AbstractCoordinator [AbstractCoordinator.java:677] [Consumer clientId=consumer-4, groupId=community-consumer-group] Discovered group coordinator DESKTOP-L6FIG1T:9092 (id: 2147483647 rack: null)
2022-03-18 15:53:20,921 INFO [org.springframework.kafka.KafkaListenerEndpointContainer#3-0-C-1] o.a.k.c.c.i.ConsumerCoordinator [ConsumerCoordinator.java:472] [Consumer clientId=consumer-4, groupId=community-consumer-group] Revoking previously assigned partitions []
2022-03-18 15:53:20,922 INFO [org.springframework.kafka.KafkaListenerEndpointContainer#3-0-C-1] o.s.k.l.KafkaMessageListenerContainer [AbstractMessageListenerContainer.java:375] partitions revoked: []
2022-03-18 15:53:20,922 INFO [org.springframework.kafka.KafkaListenerEndpointContainer#3-0-C-1] o.a.k.c.c.i.AbstractCoordinator [AbstractCoordinator.java:509] [Consumer clientId=consumer-4, groupId=community-consumer-group] (Re-)joining group
2022-03-18 15:53:21,005 INFO [org.springframework.kafka.KafkaListenerEndpointContainer#2-0-C-1] o.a.k.c.c.i.AbstractCoordinator [AbstractCoordinator.java:473] [Consumer clientId=consumer-2, groupId=community-consumer-group] Successfully joined group with generation 68
2022-03-18 15:53:21,008 INFO [org.springframework.kafka.KafkaListenerEndpointContainer#2-0-C-1] o.a.k.c.c.i.ConsumerCoordinator [ConsumerCoordinator.java:280] [Consumer clientId=consumer-2, groupId=community-consumer-group] Setting newly assigned partitions [delete-0]
2022-03-18 15:53:21,018 INFO [restartedMain] o.s.b.w.e.t.TomcatWebServer [TomcatWebServer.java:204] Tomcat started on port(s): 8080 (http) with context path '/community'
2022-03-18 15:53:21,028 INFO [org.springframework.kafka.KafkaListenerEndpointContainer#0-0-C-1] o.a.k.c.Metadata [Metadata.java:285] Cluster ID: 8FbkI8lESreMcmklmCB3dA
2022-03-18 15:53:21,029 INFO [org.springframework.kafka.KafkaListenerEndpointContainer#2-0-C-1] o.s.k.l.KafkaMessageListenerContainer [AbstractMessageListenerContainer.java:380] partitions assigned: [delete-0]
2022-03-18 15:53:21,030 INFO [restartedMain] c.n.c.CommunityApplication [StartupInfoLogger.java:59] Started CommunityApplication in 17.408 seconds (JVM running for 21.131)
2022-03-18 15:53:21,060 INFO [org.springframework.kafka.KafkaListenerEndpointContainer#1-0-C-1] o.a.k.c.Metadata [Metadata.java:285] Cluster ID: 8FbkI8lESreMcmklmCB3dA
2022-03-18 15:53:21,063 INFO [org.springframework.kafka.KafkaListenerEndpointContainer#1-0-C-1] o.a.k.c.c.i.AbstractCoordinator [AbstractCoordinator.java:677] [Consumer clientId=consumer-8, groupId=community-consumer-group] Discovered group coordinator DESKTOP-L6FIG1T:9092 (id: 2147483647 rack: null)
2022-03-18 15:53:21,066 INFO [org.springframework.kafka.KafkaListenerEndpointContainer#1-0-C-1] o.a.k.c.c.i.ConsumerCoordinator [ConsumerCoordinator.java:472] [Consumer clientId=consumer-8, groupId=community-consumer-group] Revoking previously assigned partitions []
2022-03-18 15:53:21,066 INFO [org.springframework.kafka.KafkaListenerEndpointContainer#1-0-C-1] o.s.k.l.KafkaMessageListenerContainer [AbstractMessageListenerContainer.java:375] partitions revoked: []
2022-03-18 15:53:21,066 INFO [org.springframework.kafka.KafkaListenerEndpointContainer#1-0-C-1] o.a.k.c.c.i.AbstractCoordinator [AbstractCoordinator.java:509] [Consumer clientId=consumer-8, groupId=community-consumer-group] (Re-)joining group
2022-03-18 15:53:21,089 INFO [org.springframework.kafka.KafkaListenerEndpointContainer#0-0-C-1] o.a.k.c.c.i.AbstractCoordinator [AbstractCoordinator.java:677] [Consumer clientId=consumer-6, groupId=community-consumer-group] Discovered group coordinator DESKTOP-L6FIG1T:9092 (id: 2147483647 rack: null)
2022-03-18 15:53:21,091 INFO [org.springframework.kafka.KafkaListenerEndpointContainer#0-0-C-1] o.a.k.c.c.i.ConsumerCoordinator [ConsumerCoordinator.java:472] [Consumer clientId=consumer-6, groupId=community-consumer-group] Revoking previously assigned partitions []
2022-03-18 15:53:21,092 INFO [org.springframework.kafka.KafkaListenerEndpointContainer#0-0-C-1] o.s.k.l.KafkaMessageListenerContainer [AbstractMessageListenerContainer.java:375] partitions revoked: []
2022-03-18 15:53:21,092 INFO [org.springframework.kafka.KafkaListenerEndpointContainer#0-0-C-1] o.a.k.c.c.i.AbstractCoordinator [AbstractCoordinator.java:509] [Consumer clientId=consumer-6, groupId=community-consumer-group] (Re-)joining group
2022-03-18 15:53:21,341 INFO [quartzScheduler_Worker-1] i.l.c.EpollProvider [Netty4InternalESLogger.java:104] Starting without optional epoll library
2022-03-18 15:53:21,343 INFO [quartzScheduler_Worker-1] i.l.c.KqueueProvider [Netty4InternalESLogger.java:104] Starting without optional kqueue library
2022-03-18 15:53:21,430 INFO [quartzScheduler_Worker-1] c.n.c.q.PostScoreRefreshJob [PostScoreRefreshJob.java:55] [] !
2022-03-18 15:53:24,024 INFO [org.springframework.kafka.KafkaListenerEndpointContainer#2-0-C-1] o.a.k.c.c.i.AbstractCoordinator [AbstractCoordinator.java:855] [Consumer clientId=consumer-2, groupId=community-consumer-group] Attempt to heartbeat failed since group is rebalancing
2022-03-18 15:53:24,057 INFO [org.springframework.kafka.KafkaListenerEndpointContainer#2-0-C-1] o.a.k.c.c.i.ConsumerCoordinator [ConsumerCoordinator.java:472] [Consumer clientId=consumer-2, groupId=community-consumer-group] Revoking previously assigned partitions [delete-0]
2022-03-18 15:53:24,058 INFO [org.springframework.kafka.KafkaListenerEndpointContainer#2-0-C-1] o.s.k.l.KafkaMessageListenerContainer [AbstractMessageListenerContainer.java:375] partitions revoked: [delete-0]
2022-03-18 15:53:24,058 INFO [org.springframework.kafka.KafkaListenerEndpointContainer#2-0-C-1] o.a.k.c.c.i.AbstractCoordinator [AbstractCoordinator.java:509] [Consumer clientId=consumer-2, groupId=community-consumer-group] (Re-)joining group
2022-03-18 15:53:24,300 INFO [org.springframework.kafka.KafkaListenerEndpointContainer#2-0-C-1] o.a.k.c.c.i.AbstractCoordinator [AbstractCoordinator.java:473] [Consumer clientId=consumer-2, groupId=community-consumer-group] Successfully joined group with generation 69
2022-03-18 15:53:24,301 INFO [org.springframework.kafka.KafkaListenerEndpointContainer#2-0-C-1] o.a.k.c.c.i.ConsumerCoordinator [ConsumerCoordinator.java:280] [Consumer clientId=consumer-2, groupId=community-consumer-group] Setting newly assigned partitions [delete-0]
2022-03-18 15:53:24,303 INFO [org.springframework.kafka.KafkaListenerEndpointContainer#3-0-C-1] o.a.k.c.c.i.AbstractCoordinator [AbstractCoordinator.java:473] [Consumer clientId=consumer-4, groupId=community-consumer-group] Successfully joined group with generation 69
2022-03-18 15:53:24,303 INFO [org.springframework.kafka.KafkaListenerEndpointContainer#1-0-C-1] o.a.k.c.c.i.AbstractCoordinator [AbstractCoordinator.java:473] [Consumer clientId=consumer-8, groupId=community-consumer-group] Successfully joined group with generation 69
2022-03-18 15:53:24,304 INFO [org.springframework.kafka.KafkaListenerEndpointContainer#3-0-C-1] o.a.k.c.c.i.ConsumerCoordinator [ConsumerCoordinator.java:280] [Consumer clientId=consumer-4, groupId=community-consumer-group] Setting newly assigned partitions [share-0]
2022-03-18 15:53:24,304 INFO [org.springframework.kafka.KafkaListenerEndpointContainer#1-0-C-1] o.a.k.c.c.i.ConsumerCoordinator [ConsumerCoordinator.java:280] [Consumer clientId=consumer-8, groupId=community-consumer-group] Setting newly assigned partitions [publish-0]
2022-03-18 15:53:24,306 INFO [org.springframework.kafka.KafkaListenerEndpointContainer#2-0-C-1] o.s.k.l.KafkaMessageListenerContainer [AbstractMessageListenerContainer.java:380] partitions assigned: [delete-0]
2022-03-18 15:53:24,301 INFO [org.springframework.kafka.KafkaListenerEndpointContainer#0-0-C-1] o.a.k.c.c.i.AbstractCoordinator [AbstractCoordinator.java:473] [Consumer clientId=consumer-6, groupId=community-consumer-group] Successfully joined group with generation 69
2022-03-18 15:53:24,310 INFO [org.springframework.kafka.KafkaListenerEndpointContainer#0-0-C-1] o.a.k.c.c.i.ConsumerCoordinator [ConsumerCoordinator.java:280] [Consumer clientId=consumer-6, groupId=community-consumer-group] Setting newly assigned partitions [comment-0, like-0, follow-0]
2022-03-18 15:53:24,314 INFO [org.springframework.kafka.KafkaListenerEndpointContainer#0-0-C-1] o.s.k.l.KafkaMessageListenerContainer [AbstractMessageListenerContainer.java:380] partitions assigned: [comment-0, like-0, follow-0]
2022-03-18 15:53:24,411 INFO [org.springframework.kafka.KafkaListenerEndpointContainer#1-0-C-1] o.s.k.l.KafkaMessageListenerContainer [AbstractMessageListenerContainer.java:380] partitions assigned: [publish-0]
2022-03-18 15:53:24,411 INFO [org.springframework.kafka.KafkaListenerEndpointContainer#3-0-C-1] o.s.k.l.KafkaMessageListenerContainer [AbstractMessageListenerContainer.java:380] partitions assigned: [share-0]
2022-03-18 15:53:30,726 INFO [http-nio-8080-exec-10] o.a.c.c.C.[.[.[/community] [DirectJDKLog.java:173] Initializing Spring DispatcherServlet 'dispatcherServlet'
2022-03-18 15:53:30,730 INFO [http-nio-8080-exec-10] o.s.w.s.DispatcherServlet [FrameworkServlet.java:524] Initializing Servlet 'dispatcherServlet'
2022-03-18 15:53:30,754 INFO [http-nio-8080-exec-10] o.s.w.s.DispatcherServlet [FrameworkServlet.java:546] Completed initialization in 22 ms
2022-03-18 15:53:30,807 INFO [http-nio-8080-exec-10] c.n.c.a.ServiceLogAspect [ServiceLogAspect.java:39] [0:0:0:0:0:0:0:1],[2022-03-18 15:53:30],[com.nowcoder.community.service.DataService.recordUV].
2022-03-18 15:53:30,840 INFO [http-nio-8080-exec-10] c.n.c.a.ServiceLogAspect [ServiceLogAspect.java:39] [0:0:0:0:0:0:0:1],[2022-03-18 15:53:30],[com.nowcoder.community.service.DiscussPostService.findDiscussPostRows].
2022-03-18 15:53:31,013 INFO [http-nio-8080-exec-10] c.n.c.a.ServiceLogAspect [ServiceLogAspect.java:39] [0:0:0:0:0:0:0:1],[2022-03-18 15:53:31],[com.nowcoder.community.service.DiscussPostService.findDiscussPosts].
2022-03-18 15:53:31,039 INFO [http-nio-8080-exec-10] c.n.c.a.ServiceLogAspect [ServiceLogAspect.java:39] [0:0:0:0:0:0:0:1],[2022-03-18 15:53:31],[com.nowcoder.community.service.UserService.findUserById].
2022-03-18 15:53:31,135 INFO [http-nio-8080-exec-10] c.n.c.a.ServiceLogAspect [ServiceLogAspect.java:39] [0:0:0:0:0:0:0:1],[2022-03-18 15:53:31],[com.nowcoder.community.service.LikeService.findEntityLikeCount].
2022-03-18 15:53:31,140 INFO [http-nio-8080-exec-10] c.n.c.a.ServiceLogAspect [ServiceLogAspect.java:39] [0:0:0:0:0:0:0:1],[2022-03-18 15:53:31],[com.nowcoder.community.service.UserService.findUserById].
2022-03-18 15:53:31,153 INFO [http-nio-8080-exec-10] c.n.c.a.ServiceLogAspect [ServiceLogAspect.java:39] [0:0:0:0:0:0:0:1],[2022-03-18 15:53:31],[com.nowcoder.community.service.LikeService.findEntityLikeCount].
2022-03-18 15:53:31,156 INFO [http-nio-8080-exec-10] c.n.c.a.ServiceLogAspect [ServiceLogAspect.java:39] [0:0:0:0:0:0:0:1],[2022-03-18 15:53:31],[com.nowcoder.community.service.UserService.findUserById].
2022-03-18 15:53:31,167 INFO [http-nio-8080-exec-10] c.n.c.a.ServiceLogAspect [ServiceLogAspect.java:39] [0:0:0:0:0:0:0:1],[2022-03-18 15:53:31],[com.nowcoder.community.service.LikeService.findEntityLikeCount].
2022-03-18 15:53:31,172 INFO [http-nio-8080-exec-10] c.n.c.a.ServiceLogAspect [ServiceLogAspect.java:39] [0:0:0:0:0:0:0:1],[2022-03-18 15:53:31],[com.nowcoder.community.service.UserService.findUserById].
2022-03-18 15:53:31,249 INFO [http-nio-8080-exec-10] c.n.c.a.ServiceLogAspect [ServiceLogAspect.java:39] [0:0:0:0:0:0:0:1],[2022-03-18 15:53:31],[com.nowcoder.community.service.LikeService.findEntityLikeCount].
2022-03-18 15:53:31,251 INFO [http-nio-8080-exec-10] c.n.c.a.ServiceLogAspect [ServiceLogAspect.java:39] [0:0:0:0:0:0:0:1],[2022-03-18 15:53:31],[com.nowcoder.community.service.UserService.findUserById].
2022-03-18 15:53:31,254 INFO [http-nio-8080-exec-10] c.n.c.a.ServiceLogAspect [ServiceLogAspect.java:39] [0:0:0:0:0:0:0:1],[2022-03-18 15:53:31],[com.nowcoder.community.service.LikeService.findEntityLikeCount].
2022-03-18 15:53:31,256 INFO [http-nio-8080-exec-10] c.n.c.a.ServiceLogAspect [ServiceLogAspect.java:39] [0:0:0:0:0:0:0:1],[2022-03-18 15:53:31],[com.nowcoder.community.service.UserService.findUserById].
2022-03-18 15:53:31,262 INFO [http-nio-8080-exec-10] c.n.c.a.ServiceLogAspect [ServiceLogAspect.java:39] [0:0:0:0:0:0:0:1],[2022-03-18 15:53:31],[com.nowcoder.community.service.LikeService.findEntityLikeCount].
2022-03-18 15:53:31,264 INFO [http-nio-8080-exec-10] c.n.c.a.ServiceLogAspect [ServiceLogAspect.java:39] [0:0:0:0:0:0:0:1],[2022-03-18 15:53:31],[com.nowcoder.community.service.UserService.findUserById].
2022-03-18 15:53:31,266 INFO [http-nio-8080-exec-10] c.n.c.a.ServiceLogAspect [ServiceLogAspect.java:39] [0:0:0:0:0:0:0:1],[2022-03-18 15:53:31],[com.nowcoder.community.service.LikeService.findEntityLikeCount].
2022-03-18 15:53:31,268 INFO [http-nio-8080-exec-10] c.n.c.a.ServiceLogAspect [ServiceLogAspect.java:39] [0:0:0:0:0:0:0:1],[2022-03-18 15:53:31],[com.nowcoder.community.service.UserService.findUserById].
2022-03-18 15:53:31,269 INFO [http-nio-8080-exec-10] c.n.c.a.ServiceLogAspect [ServiceLogAspect.java:39] [0:0:0:0:0:0:0:1],[2022-03-18 15:53:31],[com.nowcoder.community.service.LikeService.findEntityLikeCount].
2022-03-18 15:53:31,271 INFO [http-nio-8080-exec-10] c.n.c.a.ServiceLogAspect [ServiceLogAspect.java:39] [0:0:0:0:0:0:0:1],[2022-03-18 15:53:31],[com.nowcoder.community.service.UserService.findUserById].
2022-03-18 15:53:31,276 INFO [http-nio-8080-exec-10] c.n.c.a.ServiceLogAspect [ServiceLogAspect.java:39] [0:0:0:0:0:0:0:1],[2022-03-18 15:53:31],[com.nowcoder.community.service.LikeService.findEntityLikeCount].
2022-03-18 15:53:31,278 INFO [http-nio-8080-exec-10] c.n.c.a.ServiceLogAspect [ServiceLogAspect.java:39] [0:0:0:0:0:0:0:1],[2022-03-18 15:53:31],[com.nowcoder.community.service.UserService.findUserById].
2022-03-18 15:53:31,279 INFO [http-nio-8080-exec-10] c.n.c.a.ServiceLogAspect [ServiceLogAspect.java:39] [0:0:0:0:0:0:0:1],[2022-03-18 15:53:31],[com.nowcoder.community.service.LikeService.findEntityLikeCount].
2022-03-18 15:53:47,663 INFO [http-nio-8080-exec-3] c.n.c.a.ServiceLogAspect [ServiceLogAspect.java:39] [0:0:0:0:0:0:0:1],[2022-03-18 15:53:47],[com.nowcoder.community.service.DataService.recordUV].
2022-03-18 15:53:47,976 INFO [http-nio-8080-exec-8] c.n.c.a.ServiceLogAspect [ServiceLogAspect.java:39] [0:0:0:0:0:0:0:1],[2022-03-18 15:53:47],[com.nowcoder.community.service.DataService.recordUV].
2022-03-18 15:53:53,871 INFO [http-nio-8080-exec-9] c.n.c.a.ServiceLogAspect [ServiceLogAspect.java:39] [0:0:0:0:0:0:0:1],[2022-03-18 15:53:53],[com.nowcoder.community.service.DataService.recordUV].
2022-03-18 15:53:53,876 INFO [http-nio-8080-exec-9] c.n.c.a.ServiceLogAspect [ServiceLogAspect.java:39] [0:0:0:0:0:0:0:1],[2022-03-18 15:53:53],[com.nowcoder.community.service.DiscussPostService.findDiscussPostRows].
2022-03-18 15:53:53,879 INFO [http-nio-8080-exec-9] c.n.c.a.ServiceLogAspect [ServiceLogAspect.java:39] [0:0:0:0:0:0:0:1],[2022-03-18 15:53:53],[com.nowcoder.community.service.DiscussPostService.findDiscussPosts].
2022-03-18 15:53:53,887 INFO [http-nio-8080-exec-9] c.n.c.a.ServiceLogAspect [ServiceLogAspect.java:39] [0:0:0:0:0:0:0:1],[2022-03-18 15:53:53],[com.nowcoder.community.service.UserService.findUserById].
2022-03-18 15:53:53,889 INFO [http-nio-8080-exec-9] c.n.c.a.ServiceLogAspect [ServiceLogAspect.java:39] [0:0:0:0:0:0:0:1],[2022-03-18 15:53:53],[com.nowcoder.community.service.LikeService.findEntityLikeCount].
2022-03-18 15:53:53,891 INFO [http-nio-8080-exec-9] c.n.c.a.ServiceLogAspect [ServiceLogAspect.java:39] [0:0:0:0:0:0:0:1],[2022-03-18 15:53:53],[com.nowcoder.community.service.UserService.findUserById].
2022-03-18 15:53:53,893 INFO [http-nio-8080-exec-9] c.n.c.a.ServiceLogAspect [ServiceLogAspect.java:39] [0:0:0:0:0:0:0:1],[2022-03-18 15:53:53],[com.nowcoder.community.service.LikeService.findEntityLikeCount].
2022-03-18 15:53:53,894 INFO [http-nio-8080-exec-9] c.n.c.a.ServiceLogAspect [ServiceLogAspect.java:39] [0:0:0:0:0:0:0:1],[2022-03-18 15:53:53],[com.nowcoder.community.service.UserService.findUserById].
2022-03-18 15:53:53,896 INFO [http-nio-8080-exec-9] c.n.c.a.ServiceLogAspect [ServiceLogAspect.java:39] [0:0:0:0:0:0:0:1],[2022-03-18 15:53:53],[com.nowcoder.community.service.LikeService.findEntityLikeCount].
2022-03-18 15:53:53,897 INFO [http-nio-8080-exec-9] c.n.c.a.ServiceLogAspect [ServiceLogAspect.java:39] [0:0:0:0:0:0:0:1],[2022-03-18 15:53:53],[com.nowcoder.community.service.UserService.findUserById].
2022-03-18 15:53:53,899 INFO [http-nio-8080-exec-9] c.n.c.a.ServiceLogAspect [ServiceLogAspect.java:39] [0:0:0:0:0:0:0:1],[2022-03-18 15:53:53],[com.nowcoder.community.service.LikeService.findEntityLikeCount].
2022-03-18 15:53:53,900 INFO [http-nio-8080-exec-9] c.n.c.a.ServiceLogAspect [ServiceLogAspect.java:39] [0:0:0:0:0:0:0:1],[2022-03-18 15:53:53],[com.nowcoder.community.service.UserService.findUserById].
2022-03-18 15:53:53,901 INFO [http-nio-8080-exec-9] c.n.c.a.ServiceLogAspect [ServiceLogAspect.java:39] [0:0:0:0:0:0:0:1],[2022-03-18 15:53:53],[com.nowcoder.community.service.LikeService.findEntityLikeCount].
2022-03-18 15:53:53,903 INFO [http-nio-8080-exec-9] c.n.c.a.ServiceLogAspect [ServiceLogAspect.java:39] [0:0:0:0:0:0:0:1],[2022-03-18 15:53:53],[com.nowcoder.community.service.UserService.findUserById].
2022-03-18 15:53:53,909 INFO [http-nio-8080-exec-9] c.n.c.a.ServiceLogAspect [ServiceLogAspect.java:39] [0:0:0:0:0:0:0:1],[2022-03-18 15:53:53],[com.nowcoder.community.service.LikeService.findEntityLikeCount].
2022-03-18 15:53:53,909 INFO [http-nio-8080-exec-9] c.n.c.a.ServiceLogAspect [ServiceLogAspect.java:39] [0:0:0:0:0:0:0:1],[2022-03-18 15:53:53],[com.nowcoder.community.service.UserService.findUserById].
2022-03-18 15:53:53,910 INFO [http-nio-8080-exec-9] c.n.c.a.ServiceLogAspect [ServiceLogAspect.java:39] [0:0:0:0:0:0:0:1],[2022-03-18 15:53:53],[com.nowcoder.community.service.LikeService.findEntityLikeCount].
2022-03-18 15:53:53,912 INFO [http-nio-8080-exec-9] c.n.c.a.ServiceLogAspect [ServiceLogAspect.java:39] [0:0:0:0:0:0:0:1],[2022-03-18 15:53:53],[com.nowcoder.community.service.UserService.findUserById].
2022-03-18 15:53:53,914 INFO [http-nio-8080-exec-9] c.n.c.a.ServiceLogAspect [ServiceLogAspect.java:39] [0:0:0:0:0:0:0:1],[2022-03-18 15:53:53],[com.nowcoder.community.service.LikeService.findEntityLikeCount].
2022-03-18 15:53:53,915 INFO [http-nio-8080-exec-9] c.n.c.a.ServiceLogAspect [ServiceLogAspect.java:39] [0:0:0:0:0:0:0:1],[2022-03-18 15:53:53],[com.nowcoder.community.service.UserService.findUserById].
2022-03-18 15:53:53,916 INFO [http-nio-8080-exec-9] c.n.c.a.ServiceLogAspect [ServiceLogAspect.java:39] [0:0:0:0:0:0:0:1],[2022-03-18 15:53:53],[com.nowcoder.community.service.LikeService.findEntityLikeCount].
2022-03-18 15:53:53,918 INFO [http-nio-8080-exec-9] c.n.c.a.ServiceLogAspect [ServiceLogAspect.java:39] [0:0:0:0:0:0:0:1],[2022-03-18 15:53:53],[com.nowcoder.community.service.UserService.findUserById].
2022-03-18 15:53:53,919 INFO [http-nio-8080-exec-9] c.n.c.a.ServiceLogAspect [ServiceLogAspect.java:39] [0:0:0:0:0:0:0:1],[2022-03-18 15:53:53],[com.nowcoder.community.service.LikeService.findEntityLikeCount].
2022-03-18 15:58:18,337 INFO [quartzScheduler_Worker-2] c.n.c.q.PostScoreRefreshJob [PostScoreRefreshJob.java:55] [] !
2022-03-18 16:03:18,336 INFO [quartzScheduler_Worker-3] c.n.c.q.PostScoreRefreshJob [PostScoreRefreshJob.java:55] [] !
2022-03-18 16:08:18,348 INFO [quartzScheduler_Worker-4] c.n.c.q.PostScoreRefreshJob [PostScoreRefreshJob.java:55] [] !
2022-03-18 16:13:18,337 INFO [quartzScheduler_Worker-5] c.n.c.q.PostScoreRefreshJob [PostScoreRefreshJob.java:55] [] !
2022-03-18 16:18:18,337 INFO [quartzScheduler_Worker-6] c.n.c.q.PostScoreRefreshJob [PostScoreRefreshJob.java:55] [] !
2022-03-18 16:23:18,337 INFO [quartzScheduler_Worker-7] c.n.c.q.PostScoreRefreshJob [PostScoreRefreshJob.java:55] [] !
2022-03-18 16:28:18,338 INFO [quartzScheduler_Worker-8] c.n.c.q.PostScoreRefreshJob [PostScoreRefreshJob.java:55] [] !
2022-03-18 16:33:18,339 INFO [quartzScheduler_Worker-9] c.n.c.q.PostScoreRefreshJob [PostScoreRefreshJob.java:55] [] !
2022-03-18 16:38:18,337 INFO [quartzScheduler_Worker-10] c.n.c.q.PostScoreRefreshJob [PostScoreRefreshJob.java:55] [] !
2022-03-18 16:43:18,336 INFO [quartzScheduler_Worker-1] c.n.c.q.PostScoreRefreshJob [PostScoreRefreshJob.java:55] [] !
2022-03-18 16:48:18,336 INFO [quartzScheduler_Worker-2] c.n.c.q.PostScoreRefreshJob [PostScoreRefreshJob.java:55] [] !
2022-03-18 16:53:18,338 INFO [quartzScheduler_Worker-3] c.n.c.q.PostScoreRefreshJob [PostScoreRefreshJob.java:55] [] !
2022-03-18 16:58:18,334 INFO [quartzScheduler_Worker-4] c.n.c.q.PostScoreRefreshJob [PostScoreRefreshJob.java:55] [] !
2022-03-18 17:03:18,338 INFO [quartzScheduler_Worker-5] c.n.c.q.PostScoreRefreshJob [PostScoreRefreshJob.java:55] [] !
2022-03-18 17:08:18,337 INFO [quartzScheduler_Worker-6] c.n.c.q.PostScoreRefreshJob [PostScoreRefreshJob.java:55] [] !
2022-03-18 17:13:18,337 INFO [quartzScheduler_Worker-7] c.n.c.q.PostScoreRefreshJob [PostScoreRefreshJob.java:55] [] !
2022-03-18 17:18:18,336 INFO [quartzScheduler_Worker-8] c.n.c.q.PostScoreRefreshJob [PostScoreRefreshJob.java:55] [] !
2022-03-18 17:23:18,337 INFO [quartzScheduler_Worker-9] c.n.c.q.PostScoreRefreshJob [PostScoreRefreshJob.java:55] [] !
2022-03-18 17:28:18,336 INFO [quartzScheduler_Worker-10] c.n.c.q.PostScoreRefreshJob [PostScoreRefreshJob.java:55] [] !
2022-03-18 17:33:18,337 INFO [quartzScheduler_Worker-1] c.n.c.q.PostScoreRefreshJob [PostScoreRefreshJob.java:55] [] !
2022-03-18 17:38:18,339 INFO [quartzScheduler_Worker-2] c.n.c.q.PostScoreRefreshJob [PostScoreRefreshJob.java:55] [] !
2022-03-18 17:43:18,337 INFO [quartzScheduler_Worker-3] c.n.c.q.PostScoreRefreshJob [PostScoreRefreshJob.java:55] [] !
2022-03-18 17:48:18,337 INFO [quartzScheduler_Worker-4] c.n.c.q.PostScoreRefreshJob [PostScoreRefreshJob.java:55] [] !
2022-03-18 17:53:18,336 INFO [quartzScheduler_Worker-5] c.n.c.q.PostScoreRefreshJob [PostScoreRefreshJob.java:55] [] !
2022-03-18 17:58:18,337 INFO [quartzScheduler_Worker-6] c.n.c.q.PostScoreRefreshJob [PostScoreRefreshJob.java:55] [] !
2022-03-18 18:03:18,337 INFO [quartzScheduler_Worker-7] c.n.c.q.PostScoreRefreshJob [PostScoreRefreshJob.java:55] [] !
2022-03-18 18:08:18,336 INFO [quartzScheduler_Worker-8] c.n.c.q.PostScoreRefreshJob [PostScoreRefreshJob.java:55] [] !
2022-03-18 18:13:18,338 INFO [quartzScheduler_Worker-9] c.n.c.q.PostScoreRefreshJob [PostScoreRefreshJob.java:55] [] !
2022-03-18 18:18:18,337 INFO [quartzScheduler_Worker-10] c.n.c.q.PostScoreRefreshJob [PostScoreRefreshJob.java:55] [] !
2022-03-18 18:23:18,337 INFO [quartzScheduler_Worker-1] c.n.c.q.PostScoreRefreshJob [PostScoreRefreshJob.java:55] [] !
2022-03-18 18:28:18,338 INFO [quartzScheduler_Worker-2] c.n.c.q.PostScoreRefreshJob [PostScoreRefreshJob.java:55] [] !
2022-03-18 18:33:18,336 INFO [quartzScheduler_Worker-3] c.n.c.q.PostScoreRefreshJob [PostScoreRefreshJob.java:55] [] !
2022-03-18 18:38:18,347 INFO [quartzScheduler_Worker-4] c.n.c.q.PostScoreRefreshJob [PostScoreRefreshJob.java:55] [] !
2022-03-18 18:43:18,337 INFO [quartzScheduler_Worker-5] c.n.c.q.PostScoreRefreshJob [PostScoreRefreshJob.java:55] [] !
2022-03-18 18:48:18,337 INFO [quartzScheduler_Worker-6] c.n.c.q.PostScoreRefreshJob [PostScoreRefreshJob.java:55] [] !
2022-03-18 18:53:18,337 INFO [quartzScheduler_Worker-7] c.n.c.q.PostScoreRefreshJob [PostScoreRefreshJob.java:55] [] !
2022-03-18 18:58:18,336 INFO [quartzScheduler_Worker-8] c.n.c.q.PostScoreRefreshJob [PostScoreRefreshJob.java:55] [] !
2022-03-18 19:03:18,335 INFO [quartzScheduler_Worker-9] c.n.c.q.PostScoreRefreshJob [PostScoreRefreshJob.java:55] [] !
2022-03-18 19:08:18,337 INFO [quartzScheduler_Worker-10] c.n.c.q.PostScoreRefreshJob [PostScoreRefreshJob.java:55] [] !
2022-03-18 19:13:18,337 INFO [quartzScheduler_Worker-1] c.n.c.q.PostScoreRefreshJob [PostScoreRefreshJob.java:55] [] !
2022-03-18 19:15:38,559 INFO [org.springframework.kafka.KafkaListenerEndpointContainer#3-0-C-1] o.a.k.c.c.i.ConsumerCoordinator [ConsumerCoordinator.java:472] [Consumer clientId=consumer-4, groupId=community-consumer-group] Revoking previously assigned partitions [share-0]
2022-03-18 19:15:38,559 INFO [org.springframework.kafka.KafkaListenerEndpointContainer#3-0-C-1] o.s.k.l.KafkaMessageListenerContainer [AbstractMessageListenerContainer.java:375] partitions revoked: [share-0]
2022-03-18 19:15:38,560 INFO [org.springframework.kafka.KafkaListenerEndpointContainer#3-0-C-1] o.a.k.c.c.i.AbstractCoordinator [AbstractCoordinator.java:509] [Consumer clientId=consumer-4, groupId=community-consumer-group] (Re-)joining group
2022-03-18 19:15:38,635 INFO [org.springframework.kafka.KafkaListenerEndpointContainer#0-0-C-1] o.a.k.c.c.i.ConsumerCoordinator [ConsumerCoordinator.java:472] [Consumer clientId=consumer-6, groupId=community-consumer-group] Revoking previously assigned partitions [comment-0, like-0, follow-0]
2022-03-18 19:15:38,635 INFO [org.springframework.kafka.KafkaListenerEndpointContainer#0-0-C-1] o.s.k.l.KafkaMessageListenerContainer [AbstractMessageListenerContainer.java:375] partitions revoked: [comment-0, like-0, follow-0]
2022-03-18 19:15:38,636 INFO [org.springframework.kafka.KafkaListenerEndpointContainer#0-0-C-1] o.a.k.c.c.i.AbstractCoordinator [AbstractCoordinator.java:509] [Consumer clientId=consumer-6, groupId=community-consumer-group] (Re-)joining group
2022-03-18 19:15:38,769 INFO [org.springframework.kafka.KafkaListenerEndpointContainer#1-0-C-1] o.a.k.c.c.i.AbstractCoordinator [AbstractCoordinator.java:855] [Consumer clientId=consumer-8, groupId=community-consumer-group] Attempt to heartbeat failed since group is rebalancing
2022-03-18 19:15:38,771 INFO [org.springframework.kafka.KafkaListenerEndpointContainer#1-0-C-1] o.a.k.c.c.i.ConsumerCoordinator [ConsumerCoordinator.java:472] [Consumer clientId=consumer-8, groupId=community-consumer-group] Revoking previously assigned partitions [publish-0]
2022-03-18 19:15:38,771 INFO [org.springframework.kafka.KafkaListenerEndpointContainer#1-0-C-1] o.s.k.l.KafkaMessageListenerContainer [AbstractMessageListenerContainer.java:375] partitions revoked: [publish-0]
2022-03-18 19:15:38,771 INFO [org.springframework.kafka.KafkaListenerEndpointContainer#1-0-C-1] o.a.k.c.c.i.AbstractCoordinator [AbstractCoordinator.java:509] [Consumer clientId=consumer-8, groupId=community-consumer-group] (Re-)joining group
2022-03-18 19:15:38,776 INFO [org.springframework.kafka.KafkaListenerEndpointContainer#2-0-C-1] o.a.k.c.c.i.AbstractCoordinator [AbstractCoordinator.java:855] [Consumer clientId=consumer-2, groupId=community-consumer-group] Attempt to heartbeat failed since group is rebalancing
2022-03-18 19:15:38,777 INFO [org.springframework.kafka.KafkaListenerEndpointContainer#2-0-C-1] o.a.k.c.c.i.ConsumerCoordinator [ConsumerCoordinator.java:472] [Consumer clientId=consumer-2, groupId=community-consumer-group] Revoking previously assigned partitions [delete-0]
2022-03-18 19:15:38,778 INFO [org.springframework.kafka.KafkaListenerEndpointContainer#2-0-C-1] o.s.k.l.KafkaMessageListenerContainer [AbstractMessageListenerContainer.java:375] partitions revoked: [delete-0]
2022-03-18 19:15:38,778 INFO [org.springframework.kafka.KafkaListenerEndpointContainer#2-0-C-1] o.a.k.c.c.i.AbstractCoordinator [AbstractCoordinator.java:509] [Consumer clientId=consumer-2, groupId=community-consumer-group] (Re-)joining group
2022-03-18 19:15:38,784 INFO [org.springframework.kafka.KafkaListenerEndpointContainer#2-0-C-1] o.a.k.c.c.i.AbstractCoordinator [AbstractCoordinator.java:473] [Consumer clientId=consumer-2, groupId=community-consumer-group] Successfully joined group with generation 70
2022-03-18 19:15:38,785 INFO [org.springframework.kafka.KafkaListenerEndpointContainer#1-0-C-1] o.a.k.c.c.i.AbstractCoordinator [AbstractCoordinator.java:473] [Consumer clientId=consumer-8, groupId=community-consumer-group] Successfully joined group with generation 70
2022-03-18 19:15:38,785 INFO [org.springframework.kafka.KafkaListenerEndpointContainer#2-0-C-1] o.a.k.c.c.i.ConsumerCoordinator [ConsumerCoordinator.java:280] [Consumer clientId=consumer-2, groupId=community-consumer-group] Setting newly assigned partitions [delete-0]
2022-03-18 19:15:38,785 INFO [org.springframework.kafka.KafkaListenerEndpointContainer#1-0-C-1] o.a.k.c.c.i.ConsumerCoordinator [ConsumerCoordinator.java:280] [Consumer clientId=consumer-8, groupId=community-consumer-group] Setting newly assigned partitions [publish-0]
2022-03-18 19:15:38,785 INFO [org.springframework.kafka.KafkaListenerEndpointContainer#3-0-C-1] o.a.k.c.c.i.AbstractCoordinator [AbstractCoordinator.java:473] [Consumer clientId=consumer-4, groupId=community-consumer-group] Successfully joined group with generation 70
2022-03-18 19:15:38,786 INFO [org.springframework.kafka.KafkaListenerEndpointContainer#3-0-C-1] o.a.k.c.c.i.ConsumerCoordinator [ConsumerCoordinator.java:280] [Consumer clientId=consumer-4, groupId=community-consumer-group] Setting newly assigned partitions [share-0]
2022-03-18 19:15:38,786 INFO [org.springframework.kafka.KafkaListenerEndpointContainer#0-0-C-1] o.a.k.c.c.i.AbstractCoordinator [AbstractCoordinator.java:473] [Consumer clientId=consumer-6, groupId=community-consumer-group] Successfully joined group with generation 70
2022-03-18 19:15:38,786 INFO [org.springframework.kafka.KafkaListenerEndpointContainer#0-0-C-1] o.a.k.c.c.i.ConsumerCoordinator [ConsumerCoordinator.java:280] [Consumer clientId=consumer-6, groupId=community-consumer-group] Setting newly assigned partitions [comment-0, like-0, follow-0]
2022-03-18 19:15:38,787 INFO [org.springframework.kafka.KafkaListenerEndpointContainer#3-0-C-1] o.s.k.l.KafkaMessageListenerContainer [AbstractMessageListenerContainer.java:380] partitions assigned: [share-0]
2022-03-18 19:15:38,789 INFO [org.springframework.kafka.KafkaListenerEndpointContainer#0-0-C-1] o.s.k.l.KafkaMessageListenerContainer [AbstractMessageListenerContainer.java:380] partitions assigned: [comment-0, like-0, follow-0]
2022-03-18 19:15:39,001 INFO [org.springframework.kafka.KafkaListenerEndpointContainer#2-0-C-1] o.s.k.l.KafkaMessageListenerContainer [AbstractMessageListenerContainer.java:380] partitions assigned: [delete-0]
2022-03-18 19:15:39,140 INFO [org.springframework.kafka.KafkaListenerEndpointContainer#1-0-C-1] o.s.k.l.KafkaMessageListenerContainer [AbstractMessageListenerContainer.java:380] partitions assigned: [publish-0]
2022-03-18 19:18:18,333 INFO [quartzScheduler_Worker-2] c.n.c.q.PostScoreRefreshJob [PostScoreRefreshJob.java:55] [] !
2022-03-18 19:23:18,334 INFO [quartzScheduler_Worker-3] c.n.c.q.PostScoreRefreshJob [PostScoreRefreshJob.java:55] [] !
2022-03-18 19:28:18,334 INFO [quartzScheduler_Worker-4] c.n.c.q.PostScoreRefreshJob [PostScoreRefreshJob.java:55] [] !
2022-03-18 19:33:18,334 INFO [quartzScheduler_Worker-5] c.n.c.q.PostScoreRefreshJob [PostScoreRefreshJob.java:55] [] !
2022-03-18 19:38:18,334 INFO [quartzScheduler_Worker-6] c.n.c.q.PostScoreRefreshJob [PostScoreRefreshJob.java:55] [] !
2022-03-18 19:43:18,335 INFO [quartzScheduler_Worker-7] c.n.c.q.PostScoreRefreshJob [PostScoreRefreshJob.java:55] [] !
2022-03-18 19:48:18,335 INFO [quartzScheduler_Worker-8] c.n.c.q.PostScoreRefreshJob [PostScoreRefreshJob.java:55] [] !
2022-03-18 19:53:18,333 INFO [quartzScheduler_Worker-9] c.n.c.q.PostScoreRefreshJob [PostScoreRefreshJob.java:55] [] !
2022-03-18 19:58:18,334 INFO [quartzScheduler_Worker-10] c.n.c.q.PostScoreRefreshJob [PostScoreRefreshJob.java:55] [] !
2022-03-18 20:03:18,334 INFO [quartzScheduler_Worker-1] c.n.c.q.PostScoreRefreshJob [PostScoreRefreshJob.java:55] [] !
2022-03-18 20:08:18,334 INFO [quartzScheduler_Worker-2] c.n.c.q.PostScoreRefreshJob [PostScoreRefreshJob.java:55] [] !
2022-03-18 20:13:18,335 INFO [quartzScheduler_Worker-3] c.n.c.q.PostScoreRefreshJob [PostScoreRefreshJob.java:55] [] !
2022-03-18 20:18:18,334 INFO [quartzScheduler_Worker-4] c.n.c.q.PostScoreRefreshJob [PostScoreRefreshJob.java:55] [] !
2022-03-18 20:23:18,475 INFO [quartzScheduler_Worker-5] c.n.c.q.PostScoreRefreshJob [PostScoreRefreshJob.java:55] [] !
2022-03-18 20:28:18,333 INFO [quartzScheduler_Worker-6] c.n.c.q.PostScoreRefreshJob [PostScoreRefreshJob.java:55] [] !
2022-03-18 20:33:18,335 INFO [quartzScheduler_Worker-7] c.n.c.q.PostScoreRefreshJob [PostScoreRefreshJob.java:55] [] !
2022-03-18 20:38:18,333 INFO [quartzScheduler_Worker-8] c.n.c.q.PostScoreRefreshJob [PostScoreRefreshJob.java:55] [] !
2022-03-18 20:43:18,335 INFO [quartzScheduler_Worker-9] c.n.c.q.PostScoreRefreshJob [PostScoreRefreshJob.java:55] [] !
2022-03-18 20:48:18,334 INFO [quartzScheduler_Worker-10] c.n.c.q.PostScoreRefreshJob [PostScoreRefreshJob.java:55] [] !
2022-03-18 20:53:18,333 INFO [quartzScheduler_Worker-1] c.n.c.q.PostScoreRefreshJob [PostScoreRefreshJob.java:55] [] !
2022-03-18 20:58:18,334 INFO [quartzScheduler_Worker-2] c.n.c.q.PostScoreRefreshJob [PostScoreRefreshJob.java:55] [] !
2022-03-18 21:03:18,334 INFO [quartzScheduler_Worker-3] c.n.c.q.PostScoreRefreshJob [PostScoreRefreshJob.java:55] [] !
2022-03-18 21:08:18,334 INFO [quartzScheduler_Worker-4] c.n.c.q.PostScoreRefreshJob [PostScoreRefreshJob.java:55] [] !
2022-03-18 21:13:18,334 INFO [quartzScheduler_Worker-5] c.n.c.q.PostScoreRefreshJob [PostScoreRefreshJob.java:55] [] !
2022-03-18 21:18:18,335 INFO [quartzScheduler_Worker-6] c.n.c.q.PostScoreRefreshJob [PostScoreRefreshJob.java:55] [] !
2022-03-18 21:23:18,334 INFO [quartzScheduler_Worker-7] c.n.c.q.PostScoreRefreshJob [PostScoreRefreshJob.java:55] [] !
2022-03-18 21:28:18,335 INFO [quartzScheduler_Worker-8] c.n.c.q.PostScoreRefreshJob [PostScoreRefreshJob.java:55] [] !
2022-03-18 21:33:18,334 INFO [quartzScheduler_Worker-9] c.n.c.q.PostScoreRefreshJob [PostScoreRefreshJob.java:55] [] !
2022-03-18 21:38:18,334 INFO [quartzScheduler_Worker-10] c.n.c.q.PostScoreRefreshJob [PostScoreRefreshJob.java:55] [] !
2022-03-18 21:43:18,335 INFO [quartzScheduler_Worker-1] c.n.c.q.PostScoreRefreshJob [PostScoreRefreshJob.java:55] [] !
2022-03-18 21:48:18,335 INFO [quartzScheduler_Worker-2] c.n.c.q.PostScoreRefreshJob [PostScoreRefreshJob.java:55] [] !
2022-03-18 21:53:18,334 INFO [quartzScheduler_Worker-3] c.n.c.q.PostScoreRefreshJob [PostScoreRefreshJob.java:55] [] !
2022-03-18 21:58:18,334 INFO [quartzScheduler_Worker-4] c.n.c.q.PostScoreRefreshJob [PostScoreRefreshJob.java:55] [] !
2022-03-18 22:03:18,335 INFO [quartzScheduler_Worker-5] c.n.c.q.PostScoreRefreshJob [PostScoreRefreshJob.java:55] [] !
2022-03-18 22:08:18,335 INFO [quartzScheduler_Worker-6] c.n.c.q.PostScoreRefreshJob [PostScoreRefreshJob.java:55] [] !
2022-03-18 22:13:18,334 INFO [quartzScheduler_Worker-7] c.n.c.q.PostScoreRefreshJob [PostScoreRefreshJob.java:55] [] !
2022-03-18 22:18:18,335 INFO [quartzScheduler_Worker-8] c.n.c.q.PostScoreRefreshJob [PostScoreRefreshJob.java:55] [] !
2022-03-18 22:23:18,334 INFO [quartzScheduler_Worker-9] c.n.c.q.PostScoreRefreshJob [PostScoreRefreshJob.java:55] [] !
2022-03-18 22:28:18,335 INFO [quartzScheduler_Worker-10] c.n.c.q.PostScoreRefreshJob [PostScoreRefreshJob.java:55] [] !
2022-03-18 22:33:18,334 INFO [quartzScheduler_Worker-1] c.n.c.q.PostScoreRefreshJob [PostScoreRefreshJob.java:55] [] !
2022-03-18 22:38:18,335 INFO [quartzScheduler_Worker-2] c.n.c.q.PostScoreRefreshJob [PostScoreRefreshJob.java:55] [] !
2022-03-18 22:43:18,334 INFO [quartzScheduler_Worker-3] c.n.c.q.PostScoreRefreshJob [PostScoreRefreshJob.java:55] [] !
2022-03-18 22:48:18,334 INFO [quartzScheduler_Worker-4] c.n.c.q.PostScoreRefreshJob [PostScoreRefreshJob.java:55] [] !
2022-03-18 22:53:18,334 INFO [quartzScheduler_Worker-5] c.n.c.q.PostScoreRefreshJob [PostScoreRefreshJob.java:55] [] !
2022-03-18 22:58:18,335 INFO [quartzScheduler_Worker-6] c.n.c.q.PostScoreRefreshJob [PostScoreRefreshJob.java:55] [] !
2022-03-18 23:03:18,335 INFO [quartzScheduler_Worker-7] c.n.c.q.PostScoreRefreshJob [PostScoreRefreshJob.java:55] [] !
2022-03-18 23:08:18,333 INFO [quartzScheduler_Worker-8] c.n.c.q.PostScoreRefreshJob [PostScoreRefreshJob.java:55] [] !
2022-03-18 23:13:18,335 INFO [quartzScheduler_Worker-9] c.n.c.q.PostScoreRefreshJob [PostScoreRefreshJob.java:55] [] !
2022-03-18 23:18:18,334 INFO [quartzScheduler_Worker-10] c.n.c.q.PostScoreRefreshJob [PostScoreRefreshJob.java:55] [] !
2022-03-18 23:23:18,334 INFO [quartzScheduler_Worker-1] c.n.c.q.PostScoreRefreshJob [PostScoreRefreshJob.java:55] [] !
2022-03-18 23:28:18,335 INFO [quartzScheduler_Worker-2] c.n.c.q.PostScoreRefreshJob [PostScoreRefreshJob.java:55] [] !
2022-03-18 23:33:18,335 INFO [quartzScheduler_Worker-3] c.n.c.q.PostScoreRefreshJob [PostScoreRefreshJob.java:55] [] !
2022-03-18 23:38:18,333 INFO [quartzScheduler_Worker-4] c.n.c.q.PostScoreRefreshJob [PostScoreRefreshJob.java:55] [] !
2022-03-18 23:43:18,335 INFO [quartzScheduler_Worker-5] c.n.c.q.PostScoreRefreshJob [PostScoreRefreshJob.java:55] [] !
2022-03-18 23:48:18,334 INFO [quartzScheduler_Worker-6] c.n.c.q.PostScoreRefreshJob [PostScoreRefreshJob.java:55] [] !
2022-03-18 23:53:18,334 INFO [quartzScheduler_Worker-7] c.n.c.q.PostScoreRefreshJob [PostScoreRefreshJob.java:55] [] !
2022-03-18 23:58:18,334 INFO [quartzScheduler_Worker-8] c.n.c.q.PostScoreRefreshJob [PostScoreRefreshJob.java:55] [] !
