2022-03-18 15:51:47,922 ERROR [restartedMain] o.s.d.e.r.s.AbstractElasticsearchRepository [AbstractElasticsearchRepository.java:91] failed to load elasticsearch nodes : org.elasticsearch.client.transport.NoNodeAvailableException: None of the configured nodes are available: [{#transport#-1}{hVHpmEqbScOd2x__cNAMNQ}{127.0.0.1}{127.0.0.1:9300}]
2022-03-18 15:52:50,710 ERROR [restartedMain] o.s.b.SpringApplication [SpringApplication.java:858] Application run failed
org.springframework.context.ApplicationContextException: Failed to start bean 'org.springframework.kafka.config.internalKafkaListenerEndpointRegistry'; nested exception is org.apache.kafka.common.errors.TimeoutException: Timeout expired while fetching topic metadata
	at org.springframework.context.support.DefaultLifecycleProcessor.doStart(DefaultLifecycleProcessor.java:185)
	at org.springframework.context.support.DefaultLifecycleProcessor.access$200(DefaultLifecycleProcessor.java:53)
	at org.springframework.context.support.DefaultLifecycleProcessor$LifecycleGroup.start(DefaultLifecycleProcessor.java:360)
	at org.springframework.context.support.DefaultLifecycleProcessor.startBeans(DefaultLifecycleProcessor.java:158)
	at org.springframework.context.support.DefaultLifecycleProcessor.onRefresh(DefaultLifecycleProcessor.java:122)
	at org.springframework.context.support.AbstractApplicationContext.finishRefresh(AbstractApplicationContext.java:893)
	at org.springframework.boot.web.servlet.context.ServletWebServerApplicationContext.finishRefresh(ServletWebServerApplicationContext.java:163)
	at org.springframework.context.support.AbstractApplicationContext.refresh(AbstractApplicationContext.java:552)
	at org.springframework.boot.web.servlet.context.ServletWebServerApplicationContext.refresh(ServletWebServerApplicationContext.java:142)
	at org.springframework.boot.SpringApplication.refresh(SpringApplication.java:775)
	at org.springframework.boot.SpringApplication.refreshContext(SpringApplication.java:397)
	at org.springframework.boot.SpringApplication.run(SpringApplication.java:316)
	at org.springframework.boot.SpringApplication.run(SpringApplication.java:1260)
	at org.springframework.boot.SpringApplication.run(SpringApplication.java:1248)
	at com.nowcoder.community.CommunityApplication.main(CommunityApplication.java:18)
	at sun.reflect.NativeMethodAccessorImpl.invoke0(Native Method)
	at sun.reflect.NativeMethodAccessorImpl.invoke(NativeMethodAccessorImpl.java:62)
	at sun.reflect.DelegatingMethodAccessorImpl.invoke(DelegatingMethodAccessorImpl.java:43)
	at java.lang.reflect.Method.invoke(Method.java:498)
	at org.springframework.boot.devtools.restart.RestartLauncher.run(RestartLauncher.java:49)
Caused by: org.apache.kafka.common.errors.TimeoutException: Timeout expired while fetching topic metadata
2022-03-18 15:53:17,636 ERROR [restartedMain] o.s.d.e.r.s.AbstractElasticsearchRepository [AbstractElasticsearchRepository.java:91] failed to load elasticsearch nodes : org.elasticsearch.client.transport.NoNodeAvailableException: None of the configured nodes are available: [{#transport#-1}{gy-JFlqvSqSyZFLLeWMlUA}{127.0.0.1}{127.0.0.1:9300}]
2022-03-18 19:15:38,555 ERROR [org.springframework.kafka.KafkaListenerEndpointContainer#3-0-C-1] o.a.k.c.c.i.ConsumerCoordinator [ConsumerCoordinator.java:843] [Consumer clientId=consumer-4, groupId=community-consumer-group] Offset commit failed on partition share-0 at offset 2: The coordinator is not aware of this member.
2022-03-18 19:15:38,634 ERROR [org.springframework.kafka.KafkaListenerEndpointContainer#0-0-C-1] o.a.k.c.c.i.ConsumerCoordinator [ConsumerCoordinator.java:843] [Consumer clientId=consumer-6, groupId=community-consumer-group] Offset commit failed on partition comment-0 at offset 0: The coordinator is not aware of this member.
